<!DOCTYPE html PUBLIC "-//W3C//DTD XHTML 1.1//EN" "http://www.w3.org/TR/xhtml11/DTD/xhtml11.dtd">
<html xmlns="http://www.w3.org/1999/xhtml"><head><title>TestNG Report</title><style type="text/css">table {margin-bottom:10px;border-collapse:collapse;empty-cells:show}th,td {border:1px solid #009;padding:.25em .5em}th {vertical-align:bottom}td {vertical-align:top}table a {font-weight:bold}.stripe td {background-color: #E6EBF9}.num {text-align:right}.passedodd td {background-color: #3F3}.passedeven td {background-color: #0A0}.skippedodd td {background-color: #DDD}.skippedeven td {background-color: #CCC}.failedodd td,.attn {background-color: #F33}.failedeven td,.stripe .attn {background-color: #D00}.stacktrace {white-space:pre;font-family:monospace}.totop {font-size:85%;text-align:center;border-bottom:2px solid #000}</style></head><body><table><tr><th>Test</th><th># Passed</th><th># Skipped</th><th># Failed</th><th>Time (ms)</th><th>Included Groups</th><th>Excluded Groups</th></tr><tr><th colspan="7">Amazon POC TestSuite</th></tr><tr><td><a href="#t0">Login Feature</a></td><td class="num">0</td><td class="num">0</td><td class="num attn">1</td><td class="num">30,345</td><td>sanity</td><td></td></tr><tr class="stripe"><td><a href="#t1">Place order</a></td><td class="num">0</td><td class="num">0</td><td class="num attn">4</td><td class="num">155,217</td><td>sanity</td><td></td></tr><tr><th>Total</th><th class="num">0</th><th class="num">0</th><th class="num attn">5</th><th class="num">185,562</th><th colspan="2"></th></tr></table><table><thead><tr><th>Class</th><th>Method</th><th>Start</th><th>Time (ms)</th></tr></thead><tbody><tr><th colspan="4">Amazon POC TestSuite</th></tr></tbody><tbody id="t0"><tr><th colspan="4">Login Feature &#8212; failed</th></tr><tr class="failedeven"><td rowspan="1">com.amazon.bangalore.projectselenium.feature1.LoginFeatureTest</td><td><a href="#m0">testAmazonEndToEndPlaceOrder</a></td><td rowspan="1">1588575064830</td><td rowspan="1">24867</td></tr></tbody><tbody id="t1"><tr><th colspan="4">Place order &#8212; failed</th></tr><tr class="failedeven"><td rowspan="2">com.amazon.bangalore.projectselenium.feature2.PlaceOrderFeatureTest</td><td><a href="#m1">testLoginAndthenPlaceOrder</a></td><td rowspan="1">1588575094595</td><td rowspan="1">25248</td></tr><tr class="failedeven"><td><a href="#m2">testPlaceOrderAndThenLogin</a></td><td rowspan="1">1588575124605</td><td rowspan="1">43297</td></tr><tr class="failedodd"><td rowspan="2">com.amazon.bangalore.projectselenium.feature2.PlaceOrderWithExcelDataFeatureTest</td><td><a href="#m3">testLoginAndthenPlaceOrder</a></td><td rowspan="1">1588575172662</td><td rowspan="1">24715</td></tr><tr class="failedodd"><td><a href="#m4">testPlaceOrderAndThenLogin</a></td><td rowspan="1">1588575201999</td><td rowspan="1">42956</td></tr></tbody></table><h2>Login Feature</h2><h3 id="m0">com.amazon.bangalore.projectselenium.feature1.LoginFeatureTest#testAmazonEndToEndPlaceOrder</h3><table class="result"><tr><th>Messages</th></tr><tr><td><div class="messages">&lt;a href= &quot;C:\Users\gviswamitra\EclipseProjects\projectselenium/target/surefire-reports/html/screenshots/testAmazonEndToEndPlaceOrder.png&quot; &gt;&lt;img src= &quot;C:\Users\gviswamitra\EclipseProjects\projectselenium/target/surefire-reports/html/screenshots/testAmazonEndToEndPlaceOrder.png&quot; height=&apos;50&apos; width=&apos;50&apos;/&gt; &lt;/a&gt;<br/>&lt;a href= &quot;C:\Users\gviswamitra\EclipseProjects\projectselenium/target/surefire-reports/html/screenshots/testAmazonEndToEndPlaceOrder.png&quot; &gt;&lt;img src= &quot;C:\Users\gviswamitra\EclipseProjects\projectselenium/target/surefire-reports/html/screenshots/testAmazonEndToEndPlaceOrder.png&quot; height=&apos;50&apos; width=&apos;50&apos;/&gt; &lt;/a&gt;</div></td></tr><tr><th>Exception</th></tr><tr><td><div class="stacktrace">java.lang.RuntimeException: customer login failed: 
	at com.amazon.bangalore.projectselenium.pagerepo.LoginPageRepo.loginAmazon(LoginPageRepo.java:60)
	at com.amazon.bangalore.projectselenium.feature1.LoginFeatureRepo.successfulLoginWithCorrectCredentials(LoginFeatureRepo.java:19)
	at com.amazon.bangalore.projectselenium.feature1.LoginFeatureTest.testAmazonEndToEndPlaceOrder(LoginFeatureTest.java:29)
	at sun.reflect.NativeMethodAccessorImpl.invoke0(Native Method)
	at sun.reflect.NativeMethodAccessorImpl.invoke(NativeMethodAccessorImpl.java:62)
	at sun.reflect.DelegatingMethodAccessorImpl.invoke(DelegatingMethodAccessorImpl.java:43)
	at java.lang.reflect.Method.invoke(Method.java:498)
	at org.testng.internal.MethodInvocationHelper.invokeMethod(MethodInvocationHelper.java:84)
	at org.testng.internal.Invoker.invokeMethod(Invoker.java:714)
	at org.testng.internal.Invoker.invokeTestMethod(Invoker.java:901)
	at org.testng.internal.Invoker.invokeTestMethods(Invoker.java:1231)
	at org.testng.internal.TestMethodWorker.invokeTestMethods(TestMethodWorker.java:127)
	at org.testng.internal.TestMethodWorker.run(TestMethodWorker.java:111)
	at org.testng.TestRunner.privateRun(TestRunner.java:767)
	at org.testng.TestRunner.run(TestRunner.java:617)
	at org.testng.SuiteRunner.runTest(SuiteRunner.java:334)
	at org.testng.SuiteRunner.runSequentially(SuiteRunner.java:329)
	at org.testng.SuiteRunner.privateRun(SuiteRunner.java:291)
	at org.testng.SuiteRunner.run(SuiteRunner.java:240)
	at org.testng.SuiteRunnerWorker.runSuite(SuiteRunnerWorker.java:52)
	at org.testng.SuiteRunnerWorker.run(SuiteRunnerWorker.java:86)
	at org.testng.TestNG.runSuitesSequentially(TestNG.java:1224)
	at org.testng.TestNG.runSuitesLocally(TestNG.java:1149)
	at org.testng.TestNG.run(TestNG.java:1057)
	at org.testng.remote.AbstractRemoteTestNG.run(AbstractRemoteTestNG.java:132)
	at org.testng.remote.RemoteTestNG.initAndRun(RemoteTestNG.java:236)
	at org.testng.remote.RemoteTestNG.main(RemoteTestNG.java:81)
Caused by: java.lang.RuntimeException: Not getting (waited for) the text in the specified time: 
	at com.amazon.bangalore.projectselenium.testutil.WebDriverUtility.waitForElementPresent(WebDriverUtility.java:76)
	at com.amazon.bangalore.projectselenium.pagerepo.LoginPageRepo.loginAmazon(LoginPageRepo.java:56)
	... 26 more
Caused by: org.openqa.selenium.TimeoutException: Expected condition failed: waiting for visibility of Proxy element for: DefaultElementLocator &apos;By.xpath: //a[@id=&apos;nav-link-accountList&apos;]/span[1]&apos; (tried for 20 second(s) with 2 SECONDS interval)
	at org.openqa.selenium.support.ui.WebDriverWait.timeoutException(WebDriverWait.java:80)
	at org.openqa.selenium.support.ui.FluentWait.until(FluentWait.java:257)
	at com.amazon.bangalore.projectselenium.testutil.WebDriverUtility.waitForElementPresent(WebDriverUtility.java:72)
	... 27 more
Caused by: org.openqa.selenium.NoSuchElementException: no such element: Unable to locate element: {&quot;method&quot;:&quot;xpath&quot;,&quot;selector&quot;:&quot;//a[@id=&apos;nav-link-accountList&apos;]/span[1]&quot;}
  (Session info: chrome=81.0.4044.129)
  (Driver info: chromedriver=2.41.578737 (49da6702b16031c40d63e5618de03a32ff6c197e),platform=Windows NT 10.0.17134 x86_64) (WARNING: The server did not provide any stacktrace information)
Command duration or timeout: 16 milliseconds
For documentation on this error, please visit: http://seleniumhq.org/exceptions/no_such_element.html
Build info: version: &apos;3.1.0&apos;, revision: &apos;b94c902&apos;, time: &apos;2017-02-16 12:21:31 -0800&apos;
System info: host: &apos;GVISWAMITRA-PC&apos;, ip: &apos;192.168.56.11&apos;, os.name: &apos;Windows 10&apos;, os.arch: &apos;amd64&apos;, os.version: &apos;10.0&apos;, java.version: &apos;1.8.0_202&apos;
Driver info: org.openqa.selenium.chrome.ChromeDriver
Capabilities [{mobileEmulationEnabled=false, hasTouchScreen=false, platform=XP, acceptSslCerts=false, goog:chromeOptions={debuggerAddress=localhost:49696}, acceptInsecureCerts=false, webStorageEnabled=true, browserName=chrome, takesScreenshot=true, javascriptEnabled=true, setWindowRect=true, unexpectedAlertBehaviour=, applicationCacheEnabled=false, rotatable=false, networkConnectionEnabled=false, chrome={chromedriverVersion=2.41.578737 (49da6702b16031c40d63e5618de03a32ff6c197e), userDataDir=C:\Users\GVISWA~1\AppData\Local\Temp\scoped_dir18244_31134}, takesHeapSnapshot=true, pageLoadStrategy=normal, databaseEnabled=false, handlesAlerts=true, version=81.0.4044.129, browserConnectionEnabled=false, nativeEvents=true, locationContextEnabled=true, cssSelectorsEnabled=true}]
Session ID: 623d1d1bc72bbfd6a7f689c3ee15ef0e
*** Element info: {Using=xpath, value=//a[@id=&apos;nav-link-accountList&apos;]/span[1]}
	at sun.reflect.NativeConstructorAccessorImpl.newInstance0(Native Method)
	at sun.reflect.NativeConstructorAccessorImpl.newInstance(NativeConstructorAccessorImpl.java:62)
	at sun.reflect.DelegatingConstructorAccessorImpl.newInstance(DelegatingConstructorAccessorImpl.java:45)
	at java.lang.reflect.Constructor.newInstance(Constructor.java:423)
	at org.openqa.selenium.remote.ErrorHandler.createThrowable(ErrorHandler.java:216)
	at org.openqa.selenium.remote.ErrorHandler.throwIfResponseFailed(ErrorHandler.java:168)
	at org.openqa.selenium.remote.RemoteWebDriver.execute(RemoteWebDriver.java:635)
	at org.openqa.selenium.remote.RemoteWebDriver.findElement(RemoteWebDriver.java:368)
	at org.openqa.selenium.remote.RemoteWebDriver.findElementByXPath(RemoteWebDriver.java:473)
	at org.openqa.selenium.By$ByXPath.findElement(By.java:361)
	at org.openqa.selenium.remote.RemoteWebDriver.findElement(RemoteWebDriver.java:360)
	at org.openqa.selenium.support.pagefactory.DefaultElementLocator.findElement(DefaultElementLocator.java:69)
	at org.openqa.selenium.support.pagefactory.internal.LocatingElementHandler.invoke(LocatingElementHandler.java:38)
	at com.sun.proxy.$Proxy9.isDisplayed(Unknown Source)
	at org.openqa.selenium.support.ui.ExpectedConditions.elementIfVisible(ExpectedConditions.java:302)
	at org.openqa.selenium.support.ui.ExpectedConditions.access$100(ExpectedConditions.java:41)
	at org.openqa.selenium.support.ui.ExpectedConditions$10.apply(ExpectedConditions.java:288)
	at org.openqa.selenium.support.ui.ExpectedConditions$10.apply(ExpectedConditions.java:285)
	at org.openqa.selenium.support.ui.FluentWait.until(FluentWait.java:234)
	... 28 more
</div></td></tr></table><p class="totop"><a href="#summary">back to summary</a></p><h2>Place order</h2><h3 id="m1">com.amazon.bangalore.projectselenium.feature2.PlaceOrderFeatureTest#testLoginAndthenPlaceOrder</h3><table class="result"><tr><th>Messages</th></tr><tr><td><div class="messages">&lt;a href= &quot;C:\Users\gviswamitra\EclipseProjects\projectselenium/target/surefire-reports/html/screenshots/testLoginAndthenPlaceOrder.png&quot; &gt;&lt;img src= &quot;C:\Users\gviswamitra\EclipseProjects\projectselenium/target/surefire-reports/html/screenshots/testLoginAndthenPlaceOrder.png&quot; height=&apos;50&apos; width=&apos;50&apos;/&gt; &lt;/a&gt;<br/>&lt;a href= &quot;C:\Users\gviswamitra\EclipseProjects\projectselenium/target/surefire-reports/html/screenshots/testLoginAndthenPlaceOrder.png&quot; &gt;&lt;img src= &quot;C:\Users\gviswamitra\EclipseProjects\projectselenium/target/surefire-reports/html/screenshots/testLoginAndthenPlaceOrder.png&quot; height=&apos;50&apos; width=&apos;50&apos;/&gt; &lt;/a&gt;</div></td></tr><tr><th>Exception</th></tr><tr><td><div class="stacktrace">java.lang.RuntimeException: customer login failed: 
	at com.amazon.bangalore.projectselenium.pagerepo.LoginPageRepo.loginAmazon(LoginPageRepo.java:60)
	at com.amazon.bangalore.projectselenium.feature2.PlaceOrderFeatureRepo.loginAndThenPlacingOrder(PlaceOrderFeatureRepo.java:26)
	at com.amazon.bangalore.projectselenium.feature2.PlaceOrderFeatureTest.testLoginAndthenPlaceOrder(PlaceOrderFeatureTest.java:43)
	at sun.reflect.NativeMethodAccessorImpl.invoke0(Native Method)
	at sun.reflect.NativeMethodAccessorImpl.invoke(NativeMethodAccessorImpl.java:62)
	at sun.reflect.DelegatingMethodAccessorImpl.invoke(DelegatingMethodAccessorImpl.java:43)
	at java.lang.reflect.Method.invoke(Method.java:498)
	at org.testng.internal.MethodInvocationHelper.invokeMethod(MethodInvocationHelper.java:84)
	at org.testng.internal.Invoker.invokeMethod(Invoker.java:714)
	at org.testng.internal.Invoker.invokeTestMethod(Invoker.java:901)
	at org.testng.internal.Invoker.invokeTestMethods(Invoker.java:1231)
	at org.testng.internal.TestMethodWorker.invokeTestMethods(TestMethodWorker.java:127)
	at org.testng.internal.TestMethodWorker.run(TestMethodWorker.java:111)
	at org.testng.TestRunner.privateRun(TestRunner.java:767)
	at org.testng.TestRunner.run(TestRunner.java:617)
	at org.testng.SuiteRunner.runTest(SuiteRunner.java:334)
	at org.testng.SuiteRunner.runSequentially(SuiteRunner.java:329)
	at org.testng.SuiteRunner.privateRun(SuiteRunner.java:291)
	at org.testng.SuiteRunner.run(SuiteRunner.java:240)
	at org.testng.SuiteRunnerWorker.runSuite(SuiteRunnerWorker.java:52)
	at org.testng.SuiteRunnerWorker.run(SuiteRunnerWorker.java:86)
	at org.testng.TestNG.runSuitesSequentially(TestNG.java:1224)
	at org.testng.TestNG.runSuitesLocally(TestNG.java:1149)
	at org.testng.TestNG.run(TestNG.java:1057)
	at org.testng.remote.AbstractRemoteTestNG.run(AbstractRemoteTestNG.java:132)
	at org.testng.remote.RemoteTestNG.initAndRun(RemoteTestNG.java:236)
	at org.testng.remote.RemoteTestNG.main(RemoteTestNG.java:81)
Caused by: java.lang.RuntimeException: Not getting (waited for) the text in the specified time: 
	at com.amazon.bangalore.projectselenium.testutil.WebDriverUtility.waitForElementPresent(WebDriverUtility.java:76)
	at com.amazon.bangalore.projectselenium.pagerepo.LoginPageRepo.loginAmazon(LoginPageRepo.java:56)
	... 26 more
Caused by: org.openqa.selenium.TimeoutException: Expected condition failed: waiting for visibility of Proxy element for: DefaultElementLocator &apos;By.xpath: //a[@id=&apos;nav-link-accountList&apos;]/span[1]&apos; (tried for 20 second(s) with 2 SECONDS interval)
	at org.openqa.selenium.support.ui.WebDriverWait.timeoutException(WebDriverWait.java:80)
	at org.openqa.selenium.support.ui.FluentWait.until(FluentWait.java:257)
	at com.amazon.bangalore.projectselenium.testutil.WebDriverUtility.waitForElementPresent(WebDriverUtility.java:72)
	... 27 more
Caused by: org.openqa.selenium.NoSuchElementException: no such element: Unable to locate element: {&quot;method&quot;:&quot;xpath&quot;,&quot;selector&quot;:&quot;//a[@id=&apos;nav-link-accountList&apos;]/span[1]&quot;}
  (Session info: chrome=81.0.4044.129)
  (Driver info: chromedriver=2.41.578737 (49da6702b16031c40d63e5618de03a32ff6c197e),platform=Windows NT 10.0.17134 x86_64) (WARNING: The server did not provide any stacktrace information)
Command duration or timeout: 8 milliseconds
For documentation on this error, please visit: http://seleniumhq.org/exceptions/no_such_element.html
Build info: version: &apos;3.1.0&apos;, revision: &apos;b94c902&apos;, time: &apos;2017-02-16 12:21:31 -0800&apos;
System info: host: &apos;GVISWAMITRA-PC&apos;, ip: &apos;192.168.56.11&apos;, os.name: &apos;Windows 10&apos;, os.arch: &apos;amd64&apos;, os.version: &apos;10.0&apos;, java.version: &apos;1.8.0_202&apos;
Driver info: org.openqa.selenium.chrome.ChromeDriver
Capabilities [{mobileEmulationEnabled=false, hasTouchScreen=false, platform=XP, acceptSslCerts=false, goog:chromeOptions={debuggerAddress=localhost:49774}, acceptInsecureCerts=false, webStorageEnabled=true, browserName=chrome, takesScreenshot=true, javascriptEnabled=true, setWindowRect=true, unexpectedAlertBehaviour=, applicationCacheEnabled=false, rotatable=false, networkConnectionEnabled=false, chrome={chromedriverVersion=2.41.578737 (49da6702b16031c40d63e5618de03a32ff6c197e), userDataDir=C:\Users\GVISWA~1\AppData\Local\Temp\scoped_dir6252_31877}, takesHeapSnapshot=true, pageLoadStrategy=normal, databaseEnabled=false, handlesAlerts=true, version=81.0.4044.129, browserConnectionEnabled=false, nativeEvents=true, locationContextEnabled=true, cssSelectorsEnabled=true}]
Session ID: fd1276e045b72ff40f4bb530aaaa0327
*** Element info: {Using=xpath, value=//a[@id=&apos;nav-link-accountList&apos;]/span[1]}
	at sun.reflect.GeneratedConstructorAccessor14.newInstance(Unknown Source)
	at sun.reflect.DelegatingConstructorAccessorImpl.newInstance(DelegatingConstructorAccessorImpl.java:45)
	at java.lang.reflect.Constructor.newInstance(Constructor.java:423)
	at org.openqa.selenium.remote.ErrorHandler.createThrowable(ErrorHandler.java:216)
	at org.openqa.selenium.remote.ErrorHandler.throwIfResponseFailed(ErrorHandler.java:168)
	at org.openqa.selenium.remote.RemoteWebDriver.execute(RemoteWebDriver.java:635)
	at org.openqa.selenium.remote.RemoteWebDriver.findElement(RemoteWebDriver.java:368)
	at org.openqa.selenium.remote.RemoteWebDriver.findElementByXPath(RemoteWebDriver.java:473)
	at org.openqa.selenium.By$ByXPath.findElement(By.java:361)
	at org.openqa.selenium.remote.RemoteWebDriver.findElement(RemoteWebDriver.java:360)
	at org.openqa.selenium.support.pagefactory.DefaultElementLocator.findElement(DefaultElementLocator.java:69)
	at org.openqa.selenium.support.pagefactory.internal.LocatingElementHandler.invoke(LocatingElementHandler.java:38)
	at com.sun.proxy.$Proxy9.isDisplayed(Unknown Source)
	at org.openqa.selenium.support.ui.ExpectedConditions.elementIfVisible(ExpectedConditions.java:302)
	at org.openqa.selenium.support.ui.ExpectedConditions.access$100(ExpectedConditions.java:41)
	at org.openqa.selenium.support.ui.ExpectedConditions$10.apply(ExpectedConditions.java:288)
	at org.openqa.selenium.support.ui.ExpectedConditions$10.apply(ExpectedConditions.java:285)
	at org.openqa.selenium.support.ui.FluentWait.until(FluentWait.java:234)
	... 28 more
</div></td></tr></table><p class="totop"><a href="#summary">back to summary</a></p><h3 id="m2">com.amazon.bangalore.projectselenium.feature2.PlaceOrderFeatureTest#testPlaceOrderAndThenLogin</h3><table class="result"><tr><th>Messages</th></tr><tr><td><div class="messages">&lt;a href= &quot;C:\Users\gviswamitra\EclipseProjects\projectselenium/target/surefire-reports/html/screenshots/testPlaceOrderAndThenLogin.png&quot; &gt;&lt;img src= &quot;C:\Users\gviswamitra\EclipseProjects\projectselenium/target/surefire-reports/html/screenshots/testPlaceOrderAndThenLogin.png&quot; height=&apos;50&apos; width=&apos;50&apos;/&gt; &lt;/a&gt;<br/>&lt;a href= &quot;C:\Users\gviswamitra\EclipseProjects\projectselenium/target/surefire-reports/html/screenshots/testPlaceOrderAndThenLogin.png&quot; &gt;&lt;img src= &quot;C:\Users\gviswamitra\EclipseProjects\projectselenium/target/surefire-reports/html/screenshots/testPlaceOrderAndThenLogin.png&quot; height=&apos;50&apos; width=&apos;50&apos;/&gt; &lt;/a&gt;</div></td></tr><tr><th>Exception</th></tr><tr><td><div class="stacktrace">java.lang.RuntimeException: customer login failed: 
	at com.amazon.bangalore.projectselenium.pagerepo.LoginPageRepo.loginAmazon(LoginPageRepo.java:60)
	at com.amazon.bangalore.projectselenium.feature2.PlaceOrderFeatureRepo.placeOrderAndThenLogin(PlaceOrderFeatureRepo.java:22)
	at com.amazon.bangalore.projectselenium.feature2.PlaceOrderFeatureTest.testPlaceOrderAndThenLogin(PlaceOrderFeatureTest.java:29)
	at sun.reflect.NativeMethodAccessorImpl.invoke0(Native Method)
	at sun.reflect.NativeMethodAccessorImpl.invoke(NativeMethodAccessorImpl.java:62)
	at sun.reflect.DelegatingMethodAccessorImpl.invoke(DelegatingMethodAccessorImpl.java:43)
	at java.lang.reflect.Method.invoke(Method.java:498)
	at org.testng.internal.MethodInvocationHelper.invokeMethod(MethodInvocationHelper.java:84)
	at org.testng.internal.Invoker.invokeMethod(Invoker.java:714)
	at org.testng.internal.Invoker.invokeTestMethod(Invoker.java:901)
	at org.testng.internal.Invoker.invokeTestMethods(Invoker.java:1231)
	at org.testng.internal.TestMethodWorker.invokeTestMethods(TestMethodWorker.java:127)
	at org.testng.internal.TestMethodWorker.run(TestMethodWorker.java:111)
	at org.testng.TestRunner.privateRun(TestRunner.java:767)
	at org.testng.TestRunner.run(TestRunner.java:617)
	at org.testng.SuiteRunner.runTest(SuiteRunner.java:334)
	at org.testng.SuiteRunner.runSequentially(SuiteRunner.java:329)
	at org.testng.SuiteRunner.privateRun(SuiteRunner.java:291)
	at org.testng.SuiteRunner.run(SuiteRunner.java:240)
	at org.testng.SuiteRunnerWorker.runSuite(SuiteRunnerWorker.java:52)
	at org.testng.SuiteRunnerWorker.run(SuiteRunnerWorker.java:86)
	at org.testng.TestNG.runSuitesSequentially(TestNG.java:1224)
	at org.testng.TestNG.runSuitesLocally(TestNG.java:1149)
	at org.testng.TestNG.run(TestNG.java:1057)
	at org.testng.remote.AbstractRemoteTestNG.run(AbstractRemoteTestNG.java:132)
	at org.testng.remote.RemoteTestNG.initAndRun(RemoteTestNG.java:236)
	at org.testng.remote.RemoteTestNG.main(RemoteTestNG.java:81)
Caused by: java.lang.RuntimeException: Not getting (waited for) the text in the specified time: 
	at com.amazon.bangalore.projectselenium.testutil.WebDriverUtility.waitForElementPresent(WebDriverUtility.java:76)
	at com.amazon.bangalore.projectselenium.pagerepo.LoginPageRepo.loginAmazon(LoginPageRepo.java:56)
	... 26 more
Caused by: org.openqa.selenium.TimeoutException: Expected condition failed: waiting for visibility of Proxy element for: DefaultElementLocator &apos;By.xpath: //a[@id=&apos;nav-link-accountList&apos;]/span[1]&apos; (tried for 20 second(s) with 2 SECONDS interval)
	at org.openqa.selenium.support.ui.WebDriverWait.timeoutException(WebDriverWait.java:80)
	at org.openqa.selenium.support.ui.FluentWait.until(FluentWait.java:257)
	at com.amazon.bangalore.projectselenium.testutil.WebDriverUtility.waitForElementPresent(WebDriverUtility.java:72)
	... 27 more
Caused by: org.openqa.selenium.NoSuchElementException: no such element: Unable to locate element: {&quot;method&quot;:&quot;xpath&quot;,&quot;selector&quot;:&quot;//a[@id=&apos;nav-link-accountList&apos;]/span[1]&quot;}
  (Session info: chrome=81.0.4044.129)
  (Driver info: chromedriver=2.41.578737 (49da6702b16031c40d63e5618de03a32ff6c197e),platform=Windows NT 10.0.17134 x86_64) (WARNING: The server did not provide any stacktrace information)
Command duration or timeout: 10 milliseconds
For documentation on this error, please visit: http://seleniumhq.org/exceptions/no_such_element.html
Build info: version: &apos;3.1.0&apos;, revision: &apos;b94c902&apos;, time: &apos;2017-02-16 12:21:31 -0800&apos;
System info: host: &apos;GVISWAMITRA-PC&apos;, ip: &apos;192.168.56.11&apos;, os.name: &apos;Windows 10&apos;, os.arch: &apos;amd64&apos;, os.version: &apos;10.0&apos;, java.version: &apos;1.8.0_202&apos;
Driver info: org.openqa.selenium.chrome.ChromeDriver
Capabilities [{mobileEmulationEnabled=false, hasTouchScreen=false, platform=XP, acceptSslCerts=false, goog:chromeOptions={debuggerAddress=localhost:49861}, acceptInsecureCerts=false, webStorageEnabled=true, browserName=chrome, takesScreenshot=true, javascriptEnabled=true, setWindowRect=true, unexpectedAlertBehaviour=, applicationCacheEnabled=false, rotatable=false, networkConnectionEnabled=false, chrome={chromedriverVersion=2.41.578737 (49da6702b16031c40d63e5618de03a32ff6c197e), userDataDir=C:\Users\GVISWA~1\AppData\Local\Temp\scoped_dir2960_3240}, takesHeapSnapshot=true, pageLoadStrategy=normal, databaseEnabled=false, handlesAlerts=true, version=81.0.4044.129, browserConnectionEnabled=false, nativeEvents=true, locationContextEnabled=true, cssSelectorsEnabled=true}]
Session ID: 4c387d65c5e0a1f4ed8c2b35ffe63d3a
*** Element info: {Using=xpath, value=//a[@id=&apos;nav-link-accountList&apos;]/span[1]}
	at sun.reflect.GeneratedConstructorAccessor14.newInstance(Unknown Source)
	at sun.reflect.DelegatingConstructorAccessorImpl.newInstance(DelegatingConstructorAccessorImpl.java:45)
	at java.lang.reflect.Constructor.newInstance(Constructor.java:423)
	at org.openqa.selenium.remote.ErrorHandler.createThrowable(ErrorHandler.java:216)
	at org.openqa.selenium.remote.ErrorHandler.throwIfResponseFailed(ErrorHandler.java:168)
	at org.openqa.selenium.remote.RemoteWebDriver.execute(RemoteWebDriver.java:635)
	at org.openqa.selenium.remote.RemoteWebDriver.findElement(RemoteWebDriver.java:368)
	at org.openqa.selenium.remote.RemoteWebDriver.findElementByXPath(RemoteWebDriver.java:473)
	at org.openqa.selenium.By$ByXPath.findElement(By.java:361)
	at org.openqa.selenium.remote.RemoteWebDriver.findElement(RemoteWebDriver.java:360)
	at org.openqa.selenium.support.pagefactory.DefaultElementLocator.findElement(DefaultElementLocator.java:69)
	at org.openqa.selenium.support.pagefactory.internal.LocatingElementHandler.invoke(LocatingElementHandler.java:38)
	at com.sun.proxy.$Proxy9.isDisplayed(Unknown Source)
	at org.openqa.selenium.support.ui.ExpectedConditions.elementIfVisible(ExpectedConditions.java:302)
	at org.openqa.selenium.support.ui.ExpectedConditions.access$100(ExpectedConditions.java:41)
	at org.openqa.selenium.support.ui.ExpectedConditions$10.apply(ExpectedConditions.java:288)
	at org.openqa.selenium.support.ui.ExpectedConditions$10.apply(ExpectedConditions.java:285)
	at org.openqa.selenium.support.ui.FluentWait.until(FluentWait.java:234)
	... 28 more
</div></td></tr></table><p class="totop"><a href="#summary">back to summary</a></p><h3 id="m3">com.amazon.bangalore.projectselenium.feature2.PlaceOrderWithExcelDataFeatureTest#testLoginAndthenPlaceOrder</h3><table class="result"><tr><th>Messages</th></tr><tr><td><div class="messages">&lt;a href= &quot;C:\Users\gviswamitra\EclipseProjects\projectselenium/target/surefire-reports/html/screenshots/testLoginAndthenPlaceOrder.png&quot; &gt;&lt;img src= &quot;C:\Users\gviswamitra\EclipseProjects\projectselenium/target/surefire-reports/html/screenshots/testLoginAndthenPlaceOrder.png&quot; height=&apos;50&apos; width=&apos;50&apos;/&gt; &lt;/a&gt;<br/>&lt;a href= &quot;C:\Users\gviswamitra\EclipseProjects\projectselenium/target/surefire-reports/html/screenshots/testLoginAndthenPlaceOrder.png&quot; &gt;&lt;img src= &quot;C:\Users\gviswamitra\EclipseProjects\projectselenium/target/surefire-reports/html/screenshots/testLoginAndthenPlaceOrder.png&quot; height=&apos;50&apos; width=&apos;50&apos;/&gt; &lt;/a&gt;</div></td></tr><tr><th>Exception</th></tr><tr><td><div class="stacktrace">java.lang.RuntimeException: customer login failed: 
	at com.amazon.bangalore.projectselenium.pagerepo.LoginPageRepo.loginAmazon(LoginPageRepo.java:60)
	at com.amazon.bangalore.projectselenium.feature2.PlaceOrderFeatureRepo.loginAndThenPlacingOrder(PlaceOrderFeatureRepo.java:26)
	at com.amazon.bangalore.projectselenium.feature2.PlaceOrderWithExcelDataFeatureTest.testLoginAndthenPlaceOrder(PlaceOrderWithExcelDataFeatureTest.java:49)
	at sun.reflect.NativeMethodAccessorImpl.invoke0(Native Method)
	at sun.reflect.NativeMethodAccessorImpl.invoke(NativeMethodAccessorImpl.java:62)
	at sun.reflect.DelegatingMethodAccessorImpl.invoke(DelegatingMethodAccessorImpl.java:43)
	at java.lang.reflect.Method.invoke(Method.java:498)
	at org.testng.internal.MethodInvocationHelper.invokeMethod(MethodInvocationHelper.java:84)
	at org.testng.internal.Invoker.invokeMethod(Invoker.java:714)
	at org.testng.internal.Invoker.invokeTestMethod(Invoker.java:901)
	at org.testng.internal.Invoker.invokeTestMethods(Invoker.java:1231)
	at org.testng.internal.TestMethodWorker.invokeTestMethods(TestMethodWorker.java:127)
	at org.testng.internal.TestMethodWorker.run(TestMethodWorker.java:111)
	at org.testng.TestRunner.privateRun(TestRunner.java:767)
	at org.testng.TestRunner.run(TestRunner.java:617)
	at org.testng.SuiteRunner.runTest(SuiteRunner.java:334)
	at org.testng.SuiteRunner.runSequentially(SuiteRunner.java:329)
	at org.testng.SuiteRunner.privateRun(SuiteRunner.java:291)
	at org.testng.SuiteRunner.run(SuiteRunner.java:240)
	at org.testng.SuiteRunnerWorker.runSuite(SuiteRunnerWorker.java:52)
	at org.testng.SuiteRunnerWorker.run(SuiteRunnerWorker.java:86)
	at org.testng.TestNG.runSuitesSequentially(TestNG.java:1224)
	at org.testng.TestNG.runSuitesLocally(TestNG.java:1149)
	at org.testng.TestNG.run(TestNG.java:1057)
	at org.testng.remote.AbstractRemoteTestNG.run(AbstractRemoteTestNG.java:132)
	at org.testng.remote.RemoteTestNG.initAndRun(RemoteTestNG.java:236)
	at org.testng.remote.RemoteTestNG.main(RemoteTestNG.java:81)
Caused by: java.lang.RuntimeException: Not getting (waited for) the text in the specified time: 
	at com.amazon.bangalore.projectselenium.testutil.WebDriverUtility.waitForElementPresent(WebDriverUtility.java:76)
	at com.amazon.bangalore.projectselenium.pagerepo.LoginPageRepo.loginAmazon(LoginPageRepo.java:56)
	... 26 more
Caused by: org.openqa.selenium.TimeoutException: Expected condition failed: waiting for visibility of Proxy element for: DefaultElementLocator &apos;By.xpath: //a[@id=&apos;nav-link-accountList&apos;]/span[1]&apos; (tried for 20 second(s) with 2 SECONDS interval)
	at org.openqa.selenium.support.ui.WebDriverWait.timeoutException(WebDriverWait.java:80)
	at org.openqa.selenium.support.ui.FluentWait.until(FluentWait.java:257)
	at com.amazon.bangalore.projectselenium.testutil.WebDriverUtility.waitForElementPresent(WebDriverUtility.java:72)
	... 27 more
Caused by: org.openqa.selenium.NoSuchElementException: no such element: Unable to locate element: {&quot;method&quot;:&quot;xpath&quot;,&quot;selector&quot;:&quot;//a[@id=&apos;nav-link-accountList&apos;]/span[1]&quot;}
  (Session info: chrome=81.0.4044.129)
  (Driver info: chromedriver=2.41.578737 (49da6702b16031c40d63e5618de03a32ff6c197e),platform=Windows NT 10.0.17134 x86_64) (WARNING: The server did not provide any stacktrace information)
Command duration or timeout: 19 milliseconds
For documentation on this error, please visit: http://seleniumhq.org/exceptions/no_such_element.html
Build info: version: &apos;3.1.0&apos;, revision: &apos;b94c902&apos;, time: &apos;2017-02-16 12:21:31 -0800&apos;
System info: host: &apos;GVISWAMITRA-PC&apos;, ip: &apos;192.168.56.11&apos;, os.name: &apos;Windows 10&apos;, os.arch: &apos;amd64&apos;, os.version: &apos;10.0&apos;, java.version: &apos;1.8.0_202&apos;
Driver info: org.openqa.selenium.chrome.ChromeDriver
Capabilities [{mobileEmulationEnabled=false, hasTouchScreen=false, platform=XP, acceptSslCerts=false, goog:chromeOptions={debuggerAddress=localhost:50013}, acceptInsecureCerts=false, webStorageEnabled=true, browserName=chrome, takesScreenshot=true, javascriptEnabled=true, setWindowRect=true, unexpectedAlertBehaviour=, applicationCacheEnabled=false, rotatable=false, networkConnectionEnabled=false, chrome={chromedriverVersion=2.41.578737 (49da6702b16031c40d63e5618de03a32ff6c197e), userDataDir=C:\Users\GVISWA~1\AppData\Local\Temp\scoped_dir7468_22033}, takesHeapSnapshot=true, pageLoadStrategy=normal, databaseEnabled=false, handlesAlerts=true, version=81.0.4044.129, browserConnectionEnabled=false, nativeEvents=true, locationContextEnabled=true, cssSelectorsEnabled=true}]
Session ID: 0cc9e1467666c5ff474bc163cfc7717d
*** Element info: {Using=xpath, value=//a[@id=&apos;nav-link-accountList&apos;]/span[1]}
	at sun.reflect.GeneratedConstructorAccessor14.newInstance(Unknown Source)
	at sun.reflect.DelegatingConstructorAccessorImpl.newInstance(DelegatingConstructorAccessorImpl.java:45)
	at java.lang.reflect.Constructor.newInstance(Constructor.java:423)
	at org.openqa.selenium.remote.ErrorHandler.createThrowable(ErrorHandler.java:216)
	at org.openqa.selenium.remote.ErrorHandler.throwIfResponseFailed(ErrorHandler.java:168)
	at org.openqa.selenium.remote.RemoteWebDriver.execute(RemoteWebDriver.java:635)
	at org.openqa.selenium.remote.RemoteWebDriver.findElement(RemoteWebDriver.java:368)
	at org.openqa.selenium.remote.RemoteWebDriver.findElementByXPath(RemoteWebDriver.java:473)
	at org.openqa.selenium.By$ByXPath.findElement(By.java:361)
	at org.openqa.selenium.remote.RemoteWebDriver.findElement(RemoteWebDriver.java:360)
	at org.openqa.selenium.support.pagefactory.DefaultElementLocator.findElement(DefaultElementLocator.java:69)
	at org.openqa.selenium.support.pagefactory.internal.LocatingElementHandler.invoke(LocatingElementHandler.java:38)
	at com.sun.proxy.$Proxy9.isDisplayed(Unknown Source)
	at org.openqa.selenium.support.ui.ExpectedConditions.elementIfVisible(ExpectedConditions.java:302)
	at org.openqa.selenium.support.ui.ExpectedConditions.access$100(ExpectedConditions.java:41)
	at org.openqa.selenium.support.ui.ExpectedConditions$10.apply(ExpectedConditions.java:288)
	at org.openqa.selenium.support.ui.ExpectedConditions$10.apply(ExpectedConditions.java:285)
	at org.openqa.selenium.support.ui.FluentWait.until(FluentWait.java:234)
	... 28 more
</div></td></tr></table><p class="totop"><a href="#summary">back to summary</a></p><h3 id="m4">com.amazon.bangalore.projectselenium.feature2.PlaceOrderWithExcelDataFeatureTest#testPlaceOrderAndThenLogin</h3><table class="result"><tr><th>Messages</th></tr><tr><td><div class="messages">&lt;a href= &quot;C:\Users\gviswamitra\EclipseProjects\projectselenium/target/surefire-reports/html/screenshots/testPlaceOrderAndThenLogin.png&quot; &gt;&lt;img src= &quot;C:\Users\gviswamitra\EclipseProjects\projectselenium/target/surefire-reports/html/screenshots/testPlaceOrderAndThenLogin.png&quot; height=&apos;50&apos; width=&apos;50&apos;/&gt; &lt;/a&gt;<br/>&lt;a href= &quot;C:\Users\gviswamitra\EclipseProjects\projectselenium/target/surefire-reports/html/screenshots/testPlaceOrderAndThenLogin.png&quot; &gt;&lt;img src= &quot;C:\Users\gviswamitra\EclipseProjects\projectselenium/target/surefire-reports/html/screenshots/testPlaceOrderAndThenLogin.png&quot; height=&apos;50&apos; width=&apos;50&apos;/&gt; &lt;/a&gt;</div></td></tr><tr><th>Exception</th></tr><tr><td><div class="stacktrace">java.lang.RuntimeException: customer login failed: 
	at com.amazon.bangalore.projectselenium.pagerepo.LoginPageRepo.loginAmazon(LoginPageRepo.java:60)
	at com.amazon.bangalore.projectselenium.feature2.PlaceOrderFeatureRepo.placeOrderAndThenLogin(PlaceOrderFeatureRepo.java:22)
	at com.amazon.bangalore.projectselenium.feature2.PlaceOrderWithExcelDataFeatureTest.testPlaceOrderAndThenLogin(PlaceOrderWithExcelDataFeatureTest.java:33)
	at sun.reflect.NativeMethodAccessorImpl.invoke0(Native Method)
	at sun.reflect.NativeMethodAccessorImpl.invoke(NativeMethodAccessorImpl.java:62)
	at sun.reflect.DelegatingMethodAccessorImpl.invoke(DelegatingMethodAccessorImpl.java:43)
	at java.lang.reflect.Method.invoke(Method.java:498)
	at org.testng.internal.MethodInvocationHelper.invokeMethod(MethodInvocationHelper.java:84)
	at org.testng.internal.Invoker.invokeMethod(Invoker.java:714)
	at org.testng.internal.Invoker.invokeTestMethod(Invoker.java:901)
	at org.testng.internal.Invoker.invokeTestMethods(Invoker.java:1231)
	at org.testng.internal.TestMethodWorker.invokeTestMethods(TestMethodWorker.java:127)
	at org.testng.internal.TestMethodWorker.run(TestMethodWorker.java:111)
	at org.testng.TestRunner.privateRun(TestRunner.java:767)
	at org.testng.TestRunner.run(TestRunner.java:617)
	at org.testng.SuiteRunner.runTest(SuiteRunner.java:334)
	at org.testng.SuiteRunner.runSequentially(SuiteRunner.java:329)
	at org.testng.SuiteRunner.privateRun(SuiteRunner.java:291)
	at org.testng.SuiteRunner.run(SuiteRunner.java:240)
	at org.testng.SuiteRunnerWorker.runSuite(SuiteRunnerWorker.java:52)
	at org.testng.SuiteRunnerWorker.run(SuiteRunnerWorker.java:86)
	at org.testng.TestNG.runSuitesSequentially(TestNG.java:1224)
	at org.testng.TestNG.runSuitesLocally(TestNG.java:1149)
	at org.testng.TestNG.run(TestNG.java:1057)
	at org.testng.remote.AbstractRemoteTestNG.run(AbstractRemoteTestNG.java:132)
	at org.testng.remote.RemoteTestNG.initAndRun(RemoteTestNG.java:236)
	at org.testng.remote.RemoteTestNG.main(RemoteTestNG.java:81)
Caused by: java.lang.RuntimeException: Not getting (waited for) the text in the specified time: 
	at com.amazon.bangalore.projectselenium.testutil.WebDriverUtility.waitForElementPresent(WebDriverUtility.java:76)
	at com.amazon.bangalore.projectselenium.pagerepo.LoginPageRepo.loginAmazon(LoginPageRepo.java:56)
	... 26 more
Caused by: org.openqa.selenium.TimeoutException: Expected condition failed: waiting for visibility of Proxy element for: DefaultElementLocator &apos;By.xpath: //a[@id=&apos;nav-link-accountList&apos;]/span[1]&apos; (tried for 20 second(s) with 2 SECONDS interval)
	at org.openqa.selenium.support.ui.WebDriverWait.timeoutException(WebDriverWait.java:80)
	at org.openqa.selenium.support.ui.FluentWait.until(FluentWait.java:257)
	at com.amazon.bangalore.projectselenium.testutil.WebDriverUtility.waitForElementPresent(WebDriverUtility.java:72)
	... 27 more
Caused by: org.openqa.selenium.NoSuchElementException: no such element: Unable to locate element: {&quot;method&quot;:&quot;xpath&quot;,&quot;selector&quot;:&quot;//a[@id=&apos;nav-link-accountList&apos;]/span[1]&quot;}
  (Session info: chrome=81.0.4044.129)
  (Driver info: chromedriver=2.41.578737 (49da6702b16031c40d63e5618de03a32ff6c197e),platform=Windows NT 10.0.17134 x86_64) (WARNING: The server did not provide any stacktrace information)
Command duration or timeout: 9 milliseconds
For documentation on this error, please visit: http://seleniumhq.org/exceptions/no_such_element.html
Build info: version: &apos;3.1.0&apos;, revision: &apos;b94c902&apos;, time: &apos;2017-02-16 12:21:31 -0800&apos;
System info: host: &apos;GVISWAMITRA-PC&apos;, ip: &apos;192.168.56.11&apos;, os.name: &apos;Windows 10&apos;, os.arch: &apos;amd64&apos;, os.version: &apos;10.0&apos;, java.version: &apos;1.8.0_202&apos;
Driver info: org.openqa.selenium.chrome.ChromeDriver
Capabilities [{mobileEmulationEnabled=false, hasTouchScreen=false, platform=XP, acceptSslCerts=false, goog:chromeOptions={debuggerAddress=localhost:50090}, acceptInsecureCerts=false, webStorageEnabled=true, browserName=chrome, takesScreenshot=true, javascriptEnabled=true, setWindowRect=true, unexpectedAlertBehaviour=, applicationCacheEnabled=false, rotatable=false, networkConnectionEnabled=false, chrome={chromedriverVersion=2.41.578737 (49da6702b16031c40d63e5618de03a32ff6c197e), userDataDir=C:\Users\GVISWA~1\AppData\Local\Temp\scoped_dir9428_18031}, takesHeapSnapshot=true, pageLoadStrategy=normal, databaseEnabled=false, handlesAlerts=true, version=81.0.4044.129, browserConnectionEnabled=false, nativeEvents=true, locationContextEnabled=true, cssSelectorsEnabled=true}]
Session ID: 310ae6f56eedc00ddeb1c813f8c1ef6a
*** Element info: {Using=xpath, value=//a[@id=&apos;nav-link-accountList&apos;]/span[1]}
	at sun.reflect.GeneratedConstructorAccessor14.newInstance(Unknown Source)
	at sun.reflect.DelegatingConstructorAccessorImpl.newInstance(DelegatingConstructorAccessorImpl.java:45)
	at java.lang.reflect.Constructor.newInstance(Constructor.java:423)
	at org.openqa.selenium.remote.ErrorHandler.createThrowable(ErrorHandler.java:216)
	at org.openqa.selenium.remote.ErrorHandler.throwIfResponseFailed(ErrorHandler.java:168)
	at org.openqa.selenium.remote.RemoteWebDriver.execute(RemoteWebDriver.java:635)
	at org.openqa.selenium.remote.RemoteWebDriver.findElement(RemoteWebDriver.java:368)
	at org.openqa.selenium.remote.RemoteWebDriver.findElementByXPath(RemoteWebDriver.java:473)
	at org.openqa.selenium.By$ByXPath.findElement(By.java:361)
	at org.openqa.selenium.remote.RemoteWebDriver.findElement(RemoteWebDriver.java:360)
	at org.openqa.selenium.support.pagefactory.DefaultElementLocator.findElement(DefaultElementLocator.java:69)
	at org.openqa.selenium.support.pagefactory.internal.LocatingElementHandler.invoke(LocatingElementHandler.java:38)
	at com.sun.proxy.$Proxy9.isDisplayed(Unknown Source)
	at org.openqa.selenium.support.ui.ExpectedConditions.elementIfVisible(ExpectedConditions.java:302)
	at org.openqa.selenium.support.ui.ExpectedConditions.access$100(ExpectedConditions.java:41)
	at org.openqa.selenium.support.ui.ExpectedConditions$10.apply(ExpectedConditions.java:288)
	at org.openqa.selenium.support.ui.ExpectedConditions$10.apply(ExpectedConditions.java:285)
	at org.openqa.selenium.support.ui.FluentWait.until(FluentWait.java:234)
	... 28 more
</div></td></tr></table><p class="totop"><a href="#summary">back to summary</a></p></body></html>