<?xml version="1.0" encoding="UTF-8"?>
<testng-results skipped="0" failed="5" total="5" passed="0">
  <reporter-output>
    <line>
      <![CDATA[<a href= "C:\Users\gviswamitra\EclipseProjects\projectselenium/target/surefire-reports/html/screenshots/testAmazonEndToEndPlaceOrder.png" ><img src= "C:\Users\gviswamitra\EclipseProjects\projectselenium/target/surefire-reports/html/screenshots/testAmazonEndToEndPlaceOrder.png" height='50' width='50'/> </a>]]>
    </line>
    <line>
      <![CDATA[<a href= "C:\Users\gviswamitra\EclipseProjects\projectselenium/target/surefire-reports/html/screenshots/testAmazonEndToEndPlaceOrder.png" ><img src= "C:\Users\gviswamitra\EclipseProjects\projectselenium/target/surefire-reports/html/screenshots/testAmazonEndToEndPlaceOrder.png" height='50' width='50'/> </a>]]>
    </line>
    <line>
      <![CDATA[<a href= "C:\Users\gviswamitra\EclipseProjects\projectselenium/target/surefire-reports/html/screenshots/testLoginAndthenPlaceOrder.png" ><img src= "C:\Users\gviswamitra\EclipseProjects\projectselenium/target/surefire-reports/html/screenshots/testLoginAndthenPlaceOrder.png" height='50' width='50'/> </a>]]>
    </line>
    <line>
      <![CDATA[<a href= "C:\Users\gviswamitra\EclipseProjects\projectselenium/target/surefire-reports/html/screenshots/testLoginAndthenPlaceOrder.png" ><img src= "C:\Users\gviswamitra\EclipseProjects\projectselenium/target/surefire-reports/html/screenshots/testLoginAndthenPlaceOrder.png" height='50' width='50'/> </a>]]>
    </line>
    <line>
      <![CDATA[<a href= "C:\Users\gviswamitra\EclipseProjects\projectselenium/target/surefire-reports/html/screenshots/testPlaceOrderAndThenLogin.png" ><img src= "C:\Users\gviswamitra\EclipseProjects\projectselenium/target/surefire-reports/html/screenshots/testPlaceOrderAndThenLogin.png" height='50' width='50'/> </a>]]>
    </line>
    <line>
      <![CDATA[<a href= "C:\Users\gviswamitra\EclipseProjects\projectselenium/target/surefire-reports/html/screenshots/testPlaceOrderAndThenLogin.png" ><img src= "C:\Users\gviswamitra\EclipseProjects\projectselenium/target/surefire-reports/html/screenshots/testPlaceOrderAndThenLogin.png" height='50' width='50'/> </a>]]>
    </line>
    <line>
      <![CDATA[<a href= "C:\Users\gviswamitra\EclipseProjects\projectselenium/target/surefire-reports/html/screenshots/testLoginAndthenPlaceOrder.png" ><img src= "C:\Users\gviswamitra\EclipseProjects\projectselenium/target/surefire-reports/html/screenshots/testLoginAndthenPlaceOrder.png" height='50' width='50'/> </a>]]>
    </line>
    <line>
      <![CDATA[<a href= "C:\Users\gviswamitra\EclipseProjects\projectselenium/target/surefire-reports/html/screenshots/testLoginAndthenPlaceOrder.png" ><img src= "C:\Users\gviswamitra\EclipseProjects\projectselenium/target/surefire-reports/html/screenshots/testLoginAndthenPlaceOrder.png" height='50' width='50'/> </a>]]>
    </line>
    <line>
      <![CDATA[<a href= "C:\Users\gviswamitra\EclipseProjects\projectselenium/target/surefire-reports/html/screenshots/testPlaceOrderAndThenLogin.png" ><img src= "C:\Users\gviswamitra\EclipseProjects\projectselenium/target/surefire-reports/html/screenshots/testPlaceOrderAndThenLogin.png" height='50' width='50'/> </a>]]>
    </line>
    <line>
      <![CDATA[<a href= "C:\Users\gviswamitra\EclipseProjects\projectselenium/target/surefire-reports/html/screenshots/testPlaceOrderAndThenLogin.png" ><img src= "C:\Users\gviswamitra\EclipseProjects\projectselenium/target/surefire-reports/html/screenshots/testPlaceOrderAndThenLogin.png" height='50' width='50'/> </a>]]>
    </line>
  </reporter-output>
  <suite name="Amazon POC TestSuite" duration-ms="185580" started-at="2020-05-04T06:51:01Z" finished-at="2020-05-04T06:54:06Z">
    <groups>
      <group name="sanity">
        <method signature="LoginFeatureTest.testAmazonEndToEndPlaceOrder()[pri:0, instance:com.amazon.bangalore.projectselenium.feature1.LoginFeatureTest@5123a213]" name="testAmazonEndToEndPlaceOrder" class="com.amazon.bangalore.projectselenium.feature1.LoginFeatureTest"/>
        <method signature="PlaceOrderFeatureTest.testLoginAndthenPlaceOrder()[pri:0, instance:com.amazon.bangalore.projectselenium.feature2.PlaceOrderFeatureTest@27fe3806]" name="testLoginAndthenPlaceOrder" class="com.amazon.bangalore.projectselenium.feature2.PlaceOrderFeatureTest"/>
        <method signature="PlaceOrderFeatureTest.testPlaceOrderAndThenLogin()[pri:0, instance:com.amazon.bangalore.projectselenium.feature2.PlaceOrderFeatureTest@27fe3806]" name="testPlaceOrderAndThenLogin" class="com.amazon.bangalore.projectselenium.feature2.PlaceOrderFeatureTest"/>
        <method signature="PlaceOrderWithExcelDataFeatureTest.testLoginAndthenPlaceOrder()[pri:0, instance:com.amazon.bangalore.projectselenium.feature2.PlaceOrderWithExcelDataFeatureTest@1d7acb34]" name="testLoginAndthenPlaceOrder" class="com.amazon.bangalore.projectselenium.feature2.PlaceOrderWithExcelDataFeatureTest"/>
        <method signature="PlaceOrderWithExcelDataFeatureTest.testPlaceOrderAndThenLogin()[pri:0, instance:com.amazon.bangalore.projectselenium.feature2.PlaceOrderWithExcelDataFeatureTest@1d7acb34]" name="testPlaceOrderAndThenLogin" class="com.amazon.bangalore.projectselenium.feature2.PlaceOrderWithExcelDataFeatureTest"/>
      </group> <!-- sanity -->
    </groups>
    <test name="Login Feature" duration-ms="30345" started-at="2020-05-04T06:51:01Z" finished-at="2020-05-04T06:51:31Z">
      <class name="com.amazon.bangalore.projectselenium.feature1.LoginFeatureTest">
        <test-method status="PASS" signature="setUp()[pri:0, instance:com.amazon.bangalore.projectselenium.feature1.LoginFeatureTest@5123a213]" name="setUp" is-config="true" duration-ms="3737" started-at="2020-05-04T12:21:01Z" finished-at="2020-05-04T12:21:04Z">
          <reporter-output>
          </reporter-output>
        </test-method> <!-- setUp -->
        <test-method status="PASS" signature="beforeMethod()[pri:0, instance:com.amazon.bangalore.projectselenium.feature1.LoginFeatureTest@5123a213]" name="beforeMethod" is-config="true" duration-ms="36" started-at="2020-05-04T12:21:04Z" finished-at="2020-05-04T12:21:04Z">
          <reporter-output>
          </reporter-output>
        </test-method> <!-- beforeMethod -->
        <test-method status="FAIL" signature="testAmazonEndToEndPlaceOrder()[pri:0, instance:com.amazon.bangalore.projectselenium.feature1.LoginFeatureTest@5123a213]" name="testAmazonEndToEndPlaceOrder" duration-ms="24867" started-at="2020-05-04T12:21:04Z" finished-at="2020-05-04T12:21:29Z">
          <exception class="java.lang.RuntimeException">
            <message>
              <![CDATA[customer login failed: ]]>
            </message>
            <full-stacktrace>
              <![CDATA[java.lang.RuntimeException: customer login failed: 
	at com.amazon.bangalore.projectselenium.pagerepo.LoginPageRepo.loginAmazon(LoginPageRepo.java:60)
	at com.amazon.bangalore.projectselenium.feature1.LoginFeatureRepo.successfulLoginWithCorrectCredentials(LoginFeatureRepo.java:19)
	at com.amazon.bangalore.projectselenium.feature1.LoginFeatureTest.testAmazonEndToEndPlaceOrder(LoginFeatureTest.java:29)
	at sun.reflect.NativeMethodAccessorImpl.invoke0(Native Method)
	at sun.reflect.NativeMethodAccessorImpl.invoke(NativeMethodAccessorImpl.java:62)
	at sun.reflect.DelegatingMethodAccessorImpl.invoke(DelegatingMethodAccessorImpl.java:43)
	at java.lang.reflect.Method.invoke(Method.java:498)
	at org.testng.internal.MethodInvocationHelper.invokeMethod(MethodInvocationHelper.java:84)
	at org.testng.internal.Invoker.invokeMethod(Invoker.java:714)
	at org.testng.internal.Invoker.invokeTestMethod(Invoker.java:901)
	at org.testng.internal.Invoker.invokeTestMethods(Invoker.java:1231)
	at org.testng.internal.TestMethodWorker.invokeTestMethods(TestMethodWorker.java:127)
	at org.testng.internal.TestMethodWorker.run(TestMethodWorker.java:111)
	at org.testng.TestRunner.privateRun(TestRunner.java:767)
	at org.testng.TestRunner.run(TestRunner.java:617)
	at org.testng.SuiteRunner.runTest(SuiteRunner.java:334)
	at org.testng.SuiteRunner.runSequentially(SuiteRunner.java:329)
	at org.testng.SuiteRunner.privateRun(SuiteRunner.java:291)
	at org.testng.SuiteRunner.run(SuiteRunner.java:240)
	at org.testng.SuiteRunnerWorker.runSuite(SuiteRunnerWorker.java:52)
	at org.testng.SuiteRunnerWorker.run(SuiteRunnerWorker.java:86)
	at org.testng.TestNG.runSuitesSequentially(TestNG.java:1224)
	at org.testng.TestNG.runSuitesLocally(TestNG.java:1149)
	at org.testng.TestNG.run(TestNG.java:1057)
	at org.testng.remote.AbstractRemoteTestNG.run(AbstractRemoteTestNG.java:132)
	at org.testng.remote.RemoteTestNG.initAndRun(RemoteTestNG.java:236)
	at org.testng.remote.RemoteTestNG.main(RemoteTestNG.java:81)
Caused by: java.lang.RuntimeException: Not getting (waited for) the text in the specified time: 
	at com.amazon.bangalore.projectselenium.testutil.WebDriverUtility.waitForElementPresent(WebDriverUtility.java:76)
	at com.amazon.bangalore.projectselenium.pagerepo.LoginPageRepo.loginAmazon(LoginPageRepo.java:56)
	... 26 more
Caused by: org.openqa.selenium.TimeoutException: Expected condition failed: waiting for visibility of Proxy element for: DefaultElementLocator 'By.xpath: //a[@id='nav-link-accountList']/span[1]' (tried for 20 second(s) with 2 SECONDS interval)
	at org.openqa.selenium.support.ui.WebDriverWait.timeoutException(WebDriverWait.java:80)
	at org.openqa.selenium.support.ui.FluentWait.until(FluentWait.java:257)
	at com.amazon.bangalore.projectselenium.testutil.WebDriverUtility.waitForElementPresent(WebDriverUtility.java:72)
	... 27 more
Caused by: org.openqa.selenium.NoSuchElementException: no such element: Unable to locate element: {"method":"xpath","selector":"//a[@id='nav-link-accountList']/span[1]"}
  (Session info: chrome=81.0.4044.129)
  (Driver info: chromedriver=2.41.578737 (49da6702b16031c40d63e5618de03a32ff6c197e),platform=Windows NT 10.0.17134 x86_64) (WARNING: The server did not provide any stacktrace information)
Command duration or timeout: 16 milliseconds
For documentation on this error, please visit: http://seleniumhq.org/exceptions/no_such_element.html
Build info: version: '3.1.0', revision: 'b94c902', time: '2017-02-16 12:21:31 -0800'
System info: host: 'GVISWAMITRA-PC', ip: '192.168.56.11', os.name: 'Windows 10', os.arch: 'amd64', os.version: '10.0', java.version: '1.8.0_202'
Driver info: org.openqa.selenium.chrome.ChromeDriver
Capabilities [{mobileEmulationEnabled=false, hasTouchScreen=false, platform=XP, acceptSslCerts=false, goog:chromeOptions={debuggerAddress=localhost:49696}, acceptInsecureCerts=false, webStorageEnabled=true, browserName=chrome, takesScreenshot=true, javascriptEnabled=true, setWindowRect=true, unexpectedAlertBehaviour=, applicationCacheEnabled=false, rotatable=false, networkConnectionEnabled=false, chrome={chromedriverVersion=2.41.578737 (49da6702b16031c40d63e5618de03a32ff6c197e), userDataDir=C:\Users\GVISWA~1\AppData\Local\Temp\scoped_dir18244_31134}, takesHeapSnapshot=true, pageLoadStrategy=normal, databaseEnabled=false, handlesAlerts=true, version=81.0.4044.129, browserConnectionEnabled=false, nativeEvents=true, locationContextEnabled=true, cssSelectorsEnabled=true}]
Session ID: 623d1d1bc72bbfd6a7f689c3ee15ef0e
*** Element info: {Using=xpath, value=//a[@id='nav-link-accountList']/span[1]}
	at sun.reflect.NativeConstructorAccessorImpl.newInstance0(Native Method)
	at sun.reflect.NativeConstructorAccessorImpl.newInstance(NativeConstructorAccessorImpl.java:62)
	at sun.reflect.DelegatingConstructorAccessorImpl.newInstance(DelegatingConstructorAccessorImpl.java:45)
	at java.lang.reflect.Constructor.newInstance(Constructor.java:423)
	at org.openqa.selenium.remote.ErrorHandler.createThrowable(ErrorHandler.java:216)
	at org.openqa.selenium.remote.ErrorHandler.throwIfResponseFailed(ErrorHandler.java:168)
	at org.openqa.selenium.remote.RemoteWebDriver.execute(RemoteWebDriver.java:635)
	at org.openqa.selenium.remote.RemoteWebDriver.findElement(RemoteWebDriver.java:368)
	at org.openqa.selenium.remote.RemoteWebDriver.findElementByXPath(RemoteWebDriver.java:473)
	at org.openqa.selenium.By$ByXPath.findElement(By.java:361)
	at org.openqa.selenium.remote.RemoteWebDriver.findElement(RemoteWebDriver.java:360)
	at org.openqa.selenium.support.pagefactory.DefaultElementLocator.findElement(DefaultElementLocator.java:69)
	at org.openqa.selenium.support.pagefactory.internal.LocatingElementHandler.invoke(LocatingElementHandler.java:38)
	at com.sun.proxy.$Proxy9.isDisplayed(Unknown Source)
	at org.openqa.selenium.support.ui.ExpectedConditions.elementIfVisible(ExpectedConditions.java:302)
	at org.openqa.selenium.support.ui.ExpectedConditions.access$100(ExpectedConditions.java:41)
	at org.openqa.selenium.support.ui.ExpectedConditions$10.apply(ExpectedConditions.java:288)
	at org.openqa.selenium.support.ui.ExpectedConditions$10.apply(ExpectedConditions.java:285)
	at org.openqa.selenium.support.ui.FluentWait.until(FluentWait.java:234)
	... 28 more
]]>
            </full-stacktrace>
          </exception> <!-- java.lang.RuntimeException -->
          <reporter-output>
            <line>
              <![CDATA[<a href= "C:\Users\gviswamitra\EclipseProjects\projectselenium/target/surefire-reports/html/screenshots/testAmazonEndToEndPlaceOrder.png" ><img src= "C:\Users\gviswamitra\EclipseProjects\projectselenium/target/surefire-reports/html/screenshots/testAmazonEndToEndPlaceOrder.png" height='50' width='50'/> </a>]]>
            </line>
            <line>
              <![CDATA[<a href= "C:\Users\gviswamitra\EclipseProjects\projectselenium/target/surefire-reports/html/screenshots/testAmazonEndToEndPlaceOrder.png" ><img src= "C:\Users\gviswamitra\EclipseProjects\projectselenium/target/surefire-reports/html/screenshots/testAmazonEndToEndPlaceOrder.png" height='50' width='50'/> </a>]]>
            </line>
          </reporter-output>
        </test-method> <!-- testAmazonEndToEndPlaceOrder -->
        <test-method status="PASS" signature="tearDown()[pri:0, instance:com.amazon.bangalore.projectselenium.feature1.LoginFeatureTest@5123a213]" name="tearDown" is-config="true" duration-ms="1023" started-at="2020-05-04T12:21:30Z" finished-at="2020-05-04T12:21:31Z">
          <reporter-output>
          </reporter-output>
        </test-method> <!-- tearDown -->
      </class> <!-- com.amazon.bangalore.projectselenium.feature1.LoginFeatureTest -->
    </test> <!-- Login Feature -->
    <test name="Place order" duration-ms="155217" started-at="2020-05-04T06:51:31Z" finished-at="2020-05-04T06:54:06Z">
      <class name="com.amazon.bangalore.projectselenium.feature2.PlaceOrderWithExcelDataFeatureTest">
        <test-method status="PASS" signature="setUp()[pri:0, instance:com.amazon.bangalore.projectselenium.feature2.PlaceOrderWithExcelDataFeatureTest@1d7acb34]" name="setUp" is-config="true" duration-ms="3117" started-at="2020-05-04T12:22:49Z" finished-at="2020-05-04T12:22:52Z">
          <reporter-output>
          </reporter-output>
        </test-method> <!-- setUp -->
        <test-method status="PASS" signature="beforeMethod()[pri:0, instance:com.amazon.bangalore.projectselenium.feature2.PlaceOrderWithExcelDataFeatureTest@1d7acb34]" name="beforeMethod" is-config="true" duration-ms="5" started-at="2020-05-04T12:22:52Z" finished-at="2020-05-04T12:22:52Z">
          <reporter-output>
          </reporter-output>
        </test-method> <!-- beforeMethod -->
        <test-method status="FAIL" signature="testLoginAndthenPlaceOrder()[pri:0, instance:com.amazon.bangalore.projectselenium.feature2.PlaceOrderWithExcelDataFeatureTest@1d7acb34]" name="testLoginAndthenPlaceOrder" duration-ms="24715" started-at="2020-05-04T12:22:52Z" finished-at="2020-05-04T12:23:17Z">
          <exception class="java.lang.RuntimeException">
            <message>
              <![CDATA[customer login failed: ]]>
            </message>
            <full-stacktrace>
              <![CDATA[java.lang.RuntimeException: customer login failed: 
	at com.amazon.bangalore.projectselenium.pagerepo.LoginPageRepo.loginAmazon(LoginPageRepo.java:60)
	at com.amazon.bangalore.projectselenium.feature2.PlaceOrderFeatureRepo.loginAndThenPlacingOrder(PlaceOrderFeatureRepo.java:26)
	at com.amazon.bangalore.projectselenium.feature2.PlaceOrderWithExcelDataFeatureTest.testLoginAndthenPlaceOrder(PlaceOrderWithExcelDataFeatureTest.java:49)
	at sun.reflect.NativeMethodAccessorImpl.invoke0(Native Method)
	at sun.reflect.NativeMethodAccessorImpl.invoke(NativeMethodAccessorImpl.java:62)
	at sun.reflect.DelegatingMethodAccessorImpl.invoke(DelegatingMethodAccessorImpl.java:43)
	at java.lang.reflect.Method.invoke(Method.java:498)
	at org.testng.internal.MethodInvocationHelper.invokeMethod(MethodInvocationHelper.java:84)
	at org.testng.internal.Invoker.invokeMethod(Invoker.java:714)
	at org.testng.internal.Invoker.invokeTestMethod(Invoker.java:901)
	at org.testng.internal.Invoker.invokeTestMethods(Invoker.java:1231)
	at org.testng.internal.TestMethodWorker.invokeTestMethods(TestMethodWorker.java:127)
	at org.testng.internal.TestMethodWorker.run(TestMethodWorker.java:111)
	at org.testng.TestRunner.privateRun(TestRunner.java:767)
	at org.testng.TestRunner.run(TestRunner.java:617)
	at org.testng.SuiteRunner.runTest(SuiteRunner.java:334)
	at org.testng.SuiteRunner.runSequentially(SuiteRunner.java:329)
	at org.testng.SuiteRunner.privateRun(SuiteRunner.java:291)
	at org.testng.SuiteRunner.run(SuiteRunner.java:240)
	at org.testng.SuiteRunnerWorker.runSuite(SuiteRunnerWorker.java:52)
	at org.testng.SuiteRunnerWorker.run(SuiteRunnerWorker.java:86)
	at org.testng.TestNG.runSuitesSequentially(TestNG.java:1224)
	at org.testng.TestNG.runSuitesLocally(TestNG.java:1149)
	at org.testng.TestNG.run(TestNG.java:1057)
	at org.testng.remote.AbstractRemoteTestNG.run(AbstractRemoteTestNG.java:132)
	at org.testng.remote.RemoteTestNG.initAndRun(RemoteTestNG.java:236)
	at org.testng.remote.RemoteTestNG.main(RemoteTestNG.java:81)
Caused by: java.lang.RuntimeException: Not getting (waited for) the text in the specified time: 
	at com.amazon.bangalore.projectselenium.testutil.WebDriverUtility.waitForElementPresent(WebDriverUtility.java:76)
	at com.amazon.bangalore.projectselenium.pagerepo.LoginPageRepo.loginAmazon(LoginPageRepo.java:56)
	... 26 more
Caused by: org.openqa.selenium.TimeoutException: Expected condition failed: waiting for visibility of Proxy element for: DefaultElementLocator 'By.xpath: //a[@id='nav-link-accountList']/span[1]' (tried for 20 second(s) with 2 SECONDS interval)
	at org.openqa.selenium.support.ui.WebDriverWait.timeoutException(WebDriverWait.java:80)
	at org.openqa.selenium.support.ui.FluentWait.until(FluentWait.java:257)
	at com.amazon.bangalore.projectselenium.testutil.WebDriverUtility.waitForElementPresent(WebDriverUtility.java:72)
	... 27 more
Caused by: org.openqa.selenium.NoSuchElementException: no such element: Unable to locate element: {"method":"xpath","selector":"//a[@id='nav-link-accountList']/span[1]"}
  (Session info: chrome=81.0.4044.129)
  (Driver info: chromedriver=2.41.578737 (49da6702b16031c40d63e5618de03a32ff6c197e),platform=Windows NT 10.0.17134 x86_64) (WARNING: The server did not provide any stacktrace information)
Command duration or timeout: 19 milliseconds
For documentation on this error, please visit: http://seleniumhq.org/exceptions/no_such_element.html
Build info: version: '3.1.0', revision: 'b94c902', time: '2017-02-16 12:21:31 -0800'
System info: host: 'GVISWAMITRA-PC', ip: '192.168.56.11', os.name: 'Windows 10', os.arch: 'amd64', os.version: '10.0', java.version: '1.8.0_202'
Driver info: org.openqa.selenium.chrome.ChromeDriver
Capabilities [{mobileEmulationEnabled=false, hasTouchScreen=false, platform=XP, acceptSslCerts=false, goog:chromeOptions={debuggerAddress=localhost:50013}, acceptInsecureCerts=false, webStorageEnabled=true, browserName=chrome, takesScreenshot=true, javascriptEnabled=true, setWindowRect=true, unexpectedAlertBehaviour=, applicationCacheEnabled=false, rotatable=false, networkConnectionEnabled=false, chrome={chromedriverVersion=2.41.578737 (49da6702b16031c40d63e5618de03a32ff6c197e), userDataDir=C:\Users\GVISWA~1\AppData\Local\Temp\scoped_dir7468_22033}, takesHeapSnapshot=true, pageLoadStrategy=normal, databaseEnabled=false, handlesAlerts=true, version=81.0.4044.129, browserConnectionEnabled=false, nativeEvents=true, locationContextEnabled=true, cssSelectorsEnabled=true}]
Session ID: 0cc9e1467666c5ff474bc163cfc7717d
*** Element info: {Using=xpath, value=//a[@id='nav-link-accountList']/span[1]}
	at sun.reflect.GeneratedConstructorAccessor14.newInstance(Unknown Source)
	at sun.reflect.DelegatingConstructorAccessorImpl.newInstance(DelegatingConstructorAccessorImpl.java:45)
	at java.lang.reflect.Constructor.newInstance(Constructor.java:423)
	at org.openqa.selenium.remote.ErrorHandler.createThrowable(ErrorHandler.java:216)
	at org.openqa.selenium.remote.ErrorHandler.throwIfResponseFailed(ErrorHandler.java:168)
	at org.openqa.selenium.remote.RemoteWebDriver.execute(RemoteWebDriver.java:635)
	at org.openqa.selenium.remote.RemoteWebDriver.findElement(RemoteWebDriver.java:368)
	at org.openqa.selenium.remote.RemoteWebDriver.findElementByXPath(RemoteWebDriver.java:473)
	at org.openqa.selenium.By$ByXPath.findElement(By.java:361)
	at org.openqa.selenium.remote.RemoteWebDriver.findElement(RemoteWebDriver.java:360)
	at org.openqa.selenium.support.pagefactory.DefaultElementLocator.findElement(DefaultElementLocator.java:69)
	at org.openqa.selenium.support.pagefactory.internal.LocatingElementHandler.invoke(LocatingElementHandler.java:38)
	at com.sun.proxy.$Proxy9.isDisplayed(Unknown Source)
	at org.openqa.selenium.support.ui.ExpectedConditions.elementIfVisible(ExpectedConditions.java:302)
	at org.openqa.selenium.support.ui.ExpectedConditions.access$100(ExpectedConditions.java:41)
	at org.openqa.selenium.support.ui.ExpectedConditions$10.apply(ExpectedConditions.java:288)
	at org.openqa.selenium.support.ui.ExpectedConditions$10.apply(ExpectedConditions.java:285)
	at org.openqa.selenium.support.ui.FluentWait.until(FluentWait.java:234)
	... 28 more
]]>
            </full-stacktrace>
          </exception> <!-- java.lang.RuntimeException -->
          <reporter-output>
            <line>
              <![CDATA[<a href= "C:\Users\gviswamitra\EclipseProjects\projectselenium/target/surefire-reports/html/screenshots/testLoginAndthenPlaceOrder.png" ><img src= "C:\Users\gviswamitra\EclipseProjects\projectselenium/target/surefire-reports/html/screenshots/testLoginAndthenPlaceOrder.png" height='50' width='50'/> </a>]]>
            </line>
            <line>
              <![CDATA[<a href= "C:\Users\gviswamitra\EclipseProjects\projectselenium/target/surefire-reports/html/screenshots/testLoginAndthenPlaceOrder.png" ><img src= "C:\Users\gviswamitra\EclipseProjects\projectselenium/target/surefire-reports/html/screenshots/testLoginAndthenPlaceOrder.png" height='50' width='50'/> </a>]]>
            </line>
          </reporter-output>
        </test-method> <!-- testLoginAndthenPlaceOrder -->
        <test-method status="PASS" signature="tearDown()[pri:0, instance:com.amazon.bangalore.projectselenium.feature2.PlaceOrderWithExcelDataFeatureTest@1d7acb34]" name="tearDown" is-config="true" duration-ms="898" started-at="2020-05-04T12:23:18Z" finished-at="2020-05-04T12:23:18Z">
          <reporter-output>
          </reporter-output>
        </test-method> <!-- tearDown -->
        <test-method status="PASS" signature="setUp()[pri:0, instance:com.amazon.bangalore.projectselenium.feature2.PlaceOrderWithExcelDataFeatureTest@1d7acb34]" name="setUp" is-config="true" duration-ms="3065" started-at="2020-05-04T12:23:18Z" finished-at="2020-05-04T12:23:21Z">
          <reporter-output>
          </reporter-output>
        </test-method> <!-- setUp -->
        <test-method status="PASS" signature="beforeMethod()[pri:0, instance:com.amazon.bangalore.projectselenium.feature2.PlaceOrderWithExcelDataFeatureTest@1d7acb34]" name="beforeMethod" is-config="true" duration-ms="2" started-at="2020-05-04T12:23:21Z" finished-at="2020-05-04T12:23:21Z">
          <reporter-output>
          </reporter-output>
        </test-method> <!-- beforeMethod -->
        <test-method status="FAIL" signature="testPlaceOrderAndThenLogin()[pri:0, instance:com.amazon.bangalore.projectselenium.feature2.PlaceOrderWithExcelDataFeatureTest@1d7acb34]" name="testPlaceOrderAndThenLogin" duration-ms="42956" started-at="2020-05-04T12:23:21Z" finished-at="2020-05-04T12:24:04Z">
          <exception class="java.lang.RuntimeException">
            <message>
              <![CDATA[customer login failed: ]]>
            </message>
            <full-stacktrace>
              <![CDATA[java.lang.RuntimeException: customer login failed: 
	at com.amazon.bangalore.projectselenium.pagerepo.LoginPageRepo.loginAmazon(LoginPageRepo.java:60)
	at com.amazon.bangalore.projectselenium.feature2.PlaceOrderFeatureRepo.placeOrderAndThenLogin(PlaceOrderFeatureRepo.java:22)
	at com.amazon.bangalore.projectselenium.feature2.PlaceOrderWithExcelDataFeatureTest.testPlaceOrderAndThenLogin(PlaceOrderWithExcelDataFeatureTest.java:33)
	at sun.reflect.NativeMethodAccessorImpl.invoke0(Native Method)
	at sun.reflect.NativeMethodAccessorImpl.invoke(NativeMethodAccessorImpl.java:62)
	at sun.reflect.DelegatingMethodAccessorImpl.invoke(DelegatingMethodAccessorImpl.java:43)
	at java.lang.reflect.Method.invoke(Method.java:498)
	at org.testng.internal.MethodInvocationHelper.invokeMethod(MethodInvocationHelper.java:84)
	at org.testng.internal.Invoker.invokeMethod(Invoker.java:714)
	at org.testng.internal.Invoker.invokeTestMethod(Invoker.java:901)
	at org.testng.internal.Invoker.invokeTestMethods(Invoker.java:1231)
	at org.testng.internal.TestMethodWorker.invokeTestMethods(TestMethodWorker.java:127)
	at org.testng.internal.TestMethodWorker.run(TestMethodWorker.java:111)
	at org.testng.TestRunner.privateRun(TestRunner.java:767)
	at org.testng.TestRunner.run(TestRunner.java:617)
	at org.testng.SuiteRunner.runTest(SuiteRunner.java:334)
	at org.testng.SuiteRunner.runSequentially(SuiteRunner.java:329)
	at org.testng.SuiteRunner.privateRun(SuiteRunner.java:291)
	at org.testng.SuiteRunner.run(SuiteRunner.java:240)
	at org.testng.SuiteRunnerWorker.runSuite(SuiteRunnerWorker.java:52)
	at org.testng.SuiteRunnerWorker.run(SuiteRunnerWorker.java:86)
	at org.testng.TestNG.runSuitesSequentially(TestNG.java:1224)
	at org.testng.TestNG.runSuitesLocally(TestNG.java:1149)
	at org.testng.TestNG.run(TestNG.java:1057)
	at org.testng.remote.AbstractRemoteTestNG.run(AbstractRemoteTestNG.java:132)
	at org.testng.remote.RemoteTestNG.initAndRun(RemoteTestNG.java:236)
	at org.testng.remote.RemoteTestNG.main(RemoteTestNG.java:81)
Caused by: java.lang.RuntimeException: Not getting (waited for) the text in the specified time: 
	at com.amazon.bangalore.projectselenium.testutil.WebDriverUtility.waitForElementPresent(WebDriverUtility.java:76)
	at com.amazon.bangalore.projectselenium.pagerepo.LoginPageRepo.loginAmazon(LoginPageRepo.java:56)
	... 26 more
Caused by: org.openqa.selenium.TimeoutException: Expected condition failed: waiting for visibility of Proxy element for: DefaultElementLocator 'By.xpath: //a[@id='nav-link-accountList']/span[1]' (tried for 20 second(s) with 2 SECONDS interval)
	at org.openqa.selenium.support.ui.WebDriverWait.timeoutException(WebDriverWait.java:80)
	at org.openqa.selenium.support.ui.FluentWait.until(FluentWait.java:257)
	at com.amazon.bangalore.projectselenium.testutil.WebDriverUtility.waitForElementPresent(WebDriverUtility.java:72)
	... 27 more
Caused by: org.openqa.selenium.NoSuchElementException: no such element: Unable to locate element: {"method":"xpath","selector":"//a[@id='nav-link-accountList']/span[1]"}
  (Session info: chrome=81.0.4044.129)
  (Driver info: chromedriver=2.41.578737 (49da6702b16031c40d63e5618de03a32ff6c197e),platform=Windows NT 10.0.17134 x86_64) (WARNING: The server did not provide any stacktrace information)
Command duration or timeout: 9 milliseconds
For documentation on this error, please visit: http://seleniumhq.org/exceptions/no_such_element.html
Build info: version: '3.1.0', revision: 'b94c902', time: '2017-02-16 12:21:31 -0800'
System info: host: 'GVISWAMITRA-PC', ip: '192.168.56.11', os.name: 'Windows 10', os.arch: 'amd64', os.version: '10.0', java.version: '1.8.0_202'
Driver info: org.openqa.selenium.chrome.ChromeDriver
Capabilities [{mobileEmulationEnabled=false, hasTouchScreen=false, platform=XP, acceptSslCerts=false, goog:chromeOptions={debuggerAddress=localhost:50090}, acceptInsecureCerts=false, webStorageEnabled=true, browserName=chrome, takesScreenshot=true, javascriptEnabled=true, setWindowRect=true, unexpectedAlertBehaviour=, applicationCacheEnabled=false, rotatable=false, networkConnectionEnabled=false, chrome={chromedriverVersion=2.41.578737 (49da6702b16031c40d63e5618de03a32ff6c197e), userDataDir=C:\Users\GVISWA~1\AppData\Local\Temp\scoped_dir9428_18031}, takesHeapSnapshot=true, pageLoadStrategy=normal, databaseEnabled=false, handlesAlerts=true, version=81.0.4044.129, browserConnectionEnabled=false, nativeEvents=true, locationContextEnabled=true, cssSelectorsEnabled=true}]
Session ID: 310ae6f56eedc00ddeb1c813f8c1ef6a
*** Element info: {Using=xpath, value=//a[@id='nav-link-accountList']/span[1]}
	at sun.reflect.GeneratedConstructorAccessor14.newInstance(Unknown Source)
	at sun.reflect.DelegatingConstructorAccessorImpl.newInstance(DelegatingConstructorAccessorImpl.java:45)
	at java.lang.reflect.Constructor.newInstance(Constructor.java:423)
	at org.openqa.selenium.remote.ErrorHandler.createThrowable(ErrorHandler.java:216)
	at org.openqa.selenium.remote.ErrorHandler.throwIfResponseFailed(ErrorHandler.java:168)
	at org.openqa.selenium.remote.RemoteWebDriver.execute(RemoteWebDriver.java:635)
	at org.openqa.selenium.remote.RemoteWebDriver.findElement(RemoteWebDriver.java:368)
	at org.openqa.selenium.remote.RemoteWebDriver.findElementByXPath(RemoteWebDriver.java:473)
	at org.openqa.selenium.By$ByXPath.findElement(By.java:361)
	at org.openqa.selenium.remote.RemoteWebDriver.findElement(RemoteWebDriver.java:360)
	at org.openqa.selenium.support.pagefactory.DefaultElementLocator.findElement(DefaultElementLocator.java:69)
	at org.openqa.selenium.support.pagefactory.internal.LocatingElementHandler.invoke(LocatingElementHandler.java:38)
	at com.sun.proxy.$Proxy9.isDisplayed(Unknown Source)
	at org.openqa.selenium.support.ui.ExpectedConditions.elementIfVisible(ExpectedConditions.java:302)
	at org.openqa.selenium.support.ui.ExpectedConditions.access$100(ExpectedConditions.java:41)
	at org.openqa.selenium.support.ui.ExpectedConditions$10.apply(ExpectedConditions.java:288)
	at org.openqa.selenium.support.ui.ExpectedConditions$10.apply(ExpectedConditions.java:285)
	at org.openqa.selenium.support.ui.FluentWait.until(FluentWait.java:234)
	... 28 more
]]>
            </full-stacktrace>
          </exception> <!-- java.lang.RuntimeException -->
          <reporter-output>
            <line>
              <![CDATA[<a href= "C:\Users\gviswamitra\EclipseProjects\projectselenium/target/surefire-reports/html/screenshots/testPlaceOrderAndThenLogin.png" ><img src= "C:\Users\gviswamitra\EclipseProjects\projectselenium/target/surefire-reports/html/screenshots/testPlaceOrderAndThenLogin.png" height='50' width='50'/> </a>]]>
            </line>
            <line>
              <![CDATA[<a href= "C:\Users\gviswamitra\EclipseProjects\projectselenium/target/surefire-reports/html/screenshots/testPlaceOrderAndThenLogin.png" ><img src= "C:\Users\gviswamitra\EclipseProjects\projectselenium/target/surefire-reports/html/screenshots/testPlaceOrderAndThenLogin.png" height='50' width='50'/> </a>]]>
            </line>
          </reporter-output>
        </test-method> <!-- testPlaceOrderAndThenLogin -->
        <test-method status="PASS" signature="tearDown()[pri:0, instance:com.amazon.bangalore.projectselenium.feature2.PlaceOrderWithExcelDataFeatureTest@1d7acb34]" name="tearDown" is-config="true" duration-ms="983" started-at="2020-05-04T12:24:05Z" finished-at="2020-05-04T12:24:06Z">
          <reporter-output>
          </reporter-output>
        </test-method> <!-- tearDown -->
      </class> <!-- com.amazon.bangalore.projectselenium.feature2.PlaceOrderWithExcelDataFeatureTest -->
      <class name="com.amazon.bangalore.projectselenium.feature2.PlaceOrderFeatureTest">
        <test-method status="PASS" signature="initSuite()[pri:0, instance:com.amazon.bangalore.projectselenium.feature2.PlaceOrderFeatureTest@27fe3806]" name="initSuite" is-config="true" duration-ms="20" started-at="2020-05-04T12:21:01Z" finished-at="2020-05-04T12:21:01Z">
          <reporter-output>
          </reporter-output>
        </test-method> <!-- initSuite -->
        <test-method status="PASS" signature="setUp()[pri:0, instance:com.amazon.bangalore.projectselenium.feature2.PlaceOrderFeatureTest@27fe3806]" name="setUp" is-config="true" duration-ms="3165" started-at="2020-05-04T12:21:31Z" finished-at="2020-05-04T12:21:34Z">
          <reporter-output>
          </reporter-output>
        </test-method> <!-- setUp -->
        <test-method status="PASS" signature="beforeMethod()[pri:0, instance:com.amazon.bangalore.projectselenium.feature2.PlaceOrderFeatureTest@27fe3806]" name="beforeMethod" is-config="true" duration-ms="22" started-at="2020-05-04T12:21:34Z" finished-at="2020-05-04T12:21:34Z">
          <reporter-output>
          </reporter-output>
        </test-method> <!-- beforeMethod -->
        <test-method status="FAIL" signature="testLoginAndthenPlaceOrder()[pri:0, instance:com.amazon.bangalore.projectselenium.feature2.PlaceOrderFeatureTest@27fe3806]" name="testLoginAndthenPlaceOrder" duration-ms="25248" started-at="2020-05-04T12:21:34Z" finished-at="2020-05-04T12:21:59Z">
          <exception class="java.lang.RuntimeException">
            <message>
              <![CDATA[customer login failed: ]]>
            </message>
            <full-stacktrace>
              <![CDATA[java.lang.RuntimeException: customer login failed: 
	at com.amazon.bangalore.projectselenium.pagerepo.LoginPageRepo.loginAmazon(LoginPageRepo.java:60)
	at com.amazon.bangalore.projectselenium.feature2.PlaceOrderFeatureRepo.loginAndThenPlacingOrder(PlaceOrderFeatureRepo.java:26)
	at com.amazon.bangalore.projectselenium.feature2.PlaceOrderFeatureTest.testLoginAndthenPlaceOrder(PlaceOrderFeatureTest.java:43)
	at sun.reflect.NativeMethodAccessorImpl.invoke0(Native Method)
	at sun.reflect.NativeMethodAccessorImpl.invoke(NativeMethodAccessorImpl.java:62)
	at sun.reflect.DelegatingMethodAccessorImpl.invoke(DelegatingMethodAccessorImpl.java:43)
	at java.lang.reflect.Method.invoke(Method.java:498)
	at org.testng.internal.MethodInvocationHelper.invokeMethod(MethodInvocationHelper.java:84)
	at org.testng.internal.Invoker.invokeMethod(Invoker.java:714)
	at org.testng.internal.Invoker.invokeTestMethod(Invoker.java:901)
	at org.testng.internal.Invoker.invokeTestMethods(Invoker.java:1231)
	at org.testng.internal.TestMethodWorker.invokeTestMethods(TestMethodWorker.java:127)
	at org.testng.internal.TestMethodWorker.run(TestMethodWorker.java:111)
	at org.testng.TestRunner.privateRun(TestRunner.java:767)
	at org.testng.TestRunner.run(TestRunner.java:617)
	at org.testng.SuiteRunner.runTest(SuiteRunner.java:334)
	at org.testng.SuiteRunner.runSequentially(SuiteRunner.java:329)
	at org.testng.SuiteRunner.privateRun(SuiteRunner.java:291)
	at org.testng.SuiteRunner.run(SuiteRunner.java:240)
	at org.testng.SuiteRunnerWorker.runSuite(SuiteRunnerWorker.java:52)
	at org.testng.SuiteRunnerWorker.run(SuiteRunnerWorker.java:86)
	at org.testng.TestNG.runSuitesSequentially(TestNG.java:1224)
	at org.testng.TestNG.runSuitesLocally(TestNG.java:1149)
	at org.testng.TestNG.run(TestNG.java:1057)
	at org.testng.remote.AbstractRemoteTestNG.run(AbstractRemoteTestNG.java:132)
	at org.testng.remote.RemoteTestNG.initAndRun(RemoteTestNG.java:236)
	at org.testng.remote.RemoteTestNG.main(RemoteTestNG.java:81)
Caused by: java.lang.RuntimeException: Not getting (waited for) the text in the specified time: 
	at com.amazon.bangalore.projectselenium.testutil.WebDriverUtility.waitForElementPresent(WebDriverUtility.java:76)
	at com.amazon.bangalore.projectselenium.pagerepo.LoginPageRepo.loginAmazon(LoginPageRepo.java:56)
	... 26 more
Caused by: org.openqa.selenium.TimeoutException: Expected condition failed: waiting for visibility of Proxy element for: DefaultElementLocator 'By.xpath: //a[@id='nav-link-accountList']/span[1]' (tried for 20 second(s) with 2 SECONDS interval)
	at org.openqa.selenium.support.ui.WebDriverWait.timeoutException(WebDriverWait.java:80)
	at org.openqa.selenium.support.ui.FluentWait.until(FluentWait.java:257)
	at com.amazon.bangalore.projectselenium.testutil.WebDriverUtility.waitForElementPresent(WebDriverUtility.java:72)
	... 27 more
Caused by: org.openqa.selenium.NoSuchElementException: no such element: Unable to locate element: {"method":"xpath","selector":"//a[@id='nav-link-accountList']/span[1]"}
  (Session info: chrome=81.0.4044.129)
  (Driver info: chromedriver=2.41.578737 (49da6702b16031c40d63e5618de03a32ff6c197e),platform=Windows NT 10.0.17134 x86_64) (WARNING: The server did not provide any stacktrace information)
Command duration or timeout: 8 milliseconds
For documentation on this error, please visit: http://seleniumhq.org/exceptions/no_such_element.html
Build info: version: '3.1.0', revision: 'b94c902', time: '2017-02-16 12:21:31 -0800'
System info: host: 'GVISWAMITRA-PC', ip: '192.168.56.11', os.name: 'Windows 10', os.arch: 'amd64', os.version: '10.0', java.version: '1.8.0_202'
Driver info: org.openqa.selenium.chrome.ChromeDriver
Capabilities [{mobileEmulationEnabled=false, hasTouchScreen=false, platform=XP, acceptSslCerts=false, goog:chromeOptions={debuggerAddress=localhost:49774}, acceptInsecureCerts=false, webStorageEnabled=true, browserName=chrome, takesScreenshot=true, javascriptEnabled=true, setWindowRect=true, unexpectedAlertBehaviour=, applicationCacheEnabled=false, rotatable=false, networkConnectionEnabled=false, chrome={chromedriverVersion=2.41.578737 (49da6702b16031c40d63e5618de03a32ff6c197e), userDataDir=C:\Users\GVISWA~1\AppData\Local\Temp\scoped_dir6252_31877}, takesHeapSnapshot=true, pageLoadStrategy=normal, databaseEnabled=false, handlesAlerts=true, version=81.0.4044.129, browserConnectionEnabled=false, nativeEvents=true, locationContextEnabled=true, cssSelectorsEnabled=true}]
Session ID: fd1276e045b72ff40f4bb530aaaa0327
*** Element info: {Using=xpath, value=//a[@id='nav-link-accountList']/span[1]}
	at sun.reflect.GeneratedConstructorAccessor14.newInstance(Unknown Source)
	at sun.reflect.DelegatingConstructorAccessorImpl.newInstance(DelegatingConstructorAccessorImpl.java:45)
	at java.lang.reflect.Constructor.newInstance(Constructor.java:423)
	at org.openqa.selenium.remote.ErrorHandler.createThrowable(ErrorHandler.java:216)
	at org.openqa.selenium.remote.ErrorHandler.throwIfResponseFailed(ErrorHandler.java:168)
	at org.openqa.selenium.remote.RemoteWebDriver.execute(RemoteWebDriver.java:635)
	at org.openqa.selenium.remote.RemoteWebDriver.findElement(RemoteWebDriver.java:368)
	at org.openqa.selenium.remote.RemoteWebDriver.findElementByXPath(RemoteWebDriver.java:473)
	at org.openqa.selenium.By$ByXPath.findElement(By.java:361)
	at org.openqa.selenium.remote.RemoteWebDriver.findElement(RemoteWebDriver.java:360)
	at org.openqa.selenium.support.pagefactory.DefaultElementLocator.findElement(DefaultElementLocator.java:69)
	at org.openqa.selenium.support.pagefactory.internal.LocatingElementHandler.invoke(LocatingElementHandler.java:38)
	at com.sun.proxy.$Proxy9.isDisplayed(Unknown Source)
	at org.openqa.selenium.support.ui.ExpectedConditions.elementIfVisible(ExpectedConditions.java:302)
	at org.openqa.selenium.support.ui.ExpectedConditions.access$100(ExpectedConditions.java:41)
	at org.openqa.selenium.support.ui.ExpectedConditions$10.apply(ExpectedConditions.java:288)
	at org.openqa.selenium.support.ui.ExpectedConditions$10.apply(ExpectedConditions.java:285)
	at org.openqa.selenium.support.ui.FluentWait.until(FluentWait.java:234)
	... 28 more
]]>
            </full-stacktrace>
          </exception> <!-- java.lang.RuntimeException -->
          <reporter-output>
            <line>
              <![CDATA[<a href= "C:\Users\gviswamitra\EclipseProjects\projectselenium/target/surefire-reports/html/screenshots/testLoginAndthenPlaceOrder.png" ><img src= "C:\Users\gviswamitra\EclipseProjects\projectselenium/target/surefire-reports/html/screenshots/testLoginAndthenPlaceOrder.png" height='50' width='50'/> </a>]]>
            </line>
            <line>
              <![CDATA[<a href= "C:\Users\gviswamitra\EclipseProjects\projectselenium/target/surefire-reports/html/screenshots/testLoginAndthenPlaceOrder.png" ><img src= "C:\Users\gviswamitra\EclipseProjects\projectselenium/target/surefire-reports/html/screenshots/testLoginAndthenPlaceOrder.png" height='50' width='50'/> </a>]]>
            </line>
          </reporter-output>
        </test-method> <!-- testLoginAndthenPlaceOrder -->
        <test-method status="PASS" signature="tearDown()[pri:0, instance:com.amazon.bangalore.projectselenium.feature2.PlaceOrderFeatureTest@27fe3806]" name="tearDown" is-config="true" duration-ms="951" started-at="2020-05-04T12:22:00Z" finished-at="2020-05-04T12:22:01Z">
          <reporter-output>
          </reporter-output>
        </test-method> <!-- tearDown -->
        <test-method status="PASS" signature="setUp()[pri:0, instance:com.amazon.bangalore.projectselenium.feature2.PlaceOrderFeatureTest@27fe3806]" name="setUp" is-config="true" duration-ms="3131" started-at="2020-05-04T12:22:01Z" finished-at="2020-05-04T12:22:04Z">
          <reporter-output>
          </reporter-output>
        </test-method> <!-- setUp -->
        <test-method status="PASS" signature="beforeMethod()[pri:0, instance:com.amazon.bangalore.projectselenium.feature2.PlaceOrderFeatureTest@27fe3806]" name="beforeMethod" is-config="true" duration-ms="2" started-at="2020-05-04T12:22:04Z" finished-at="2020-05-04T12:22:04Z">
          <reporter-output>
          </reporter-output>
        </test-method> <!-- beforeMethod -->
        <test-method status="FAIL" signature="testPlaceOrderAndThenLogin()[pri:0, instance:com.amazon.bangalore.projectselenium.feature2.PlaceOrderFeatureTest@27fe3806]" name="testPlaceOrderAndThenLogin" duration-ms="43297" started-at="2020-05-04T12:22:04Z" finished-at="2020-05-04T12:22:47Z">
          <exception class="java.lang.RuntimeException">
            <message>
              <![CDATA[customer login failed: ]]>
            </message>
            <full-stacktrace>
              <![CDATA[java.lang.RuntimeException: customer login failed: 
	at com.amazon.bangalore.projectselenium.pagerepo.LoginPageRepo.loginAmazon(LoginPageRepo.java:60)
	at com.amazon.bangalore.projectselenium.feature2.PlaceOrderFeatureRepo.placeOrderAndThenLogin(PlaceOrderFeatureRepo.java:22)
	at com.amazon.bangalore.projectselenium.feature2.PlaceOrderFeatureTest.testPlaceOrderAndThenLogin(PlaceOrderFeatureTest.java:29)
	at sun.reflect.NativeMethodAccessorImpl.invoke0(Native Method)
	at sun.reflect.NativeMethodAccessorImpl.invoke(NativeMethodAccessorImpl.java:62)
	at sun.reflect.DelegatingMethodAccessorImpl.invoke(DelegatingMethodAccessorImpl.java:43)
	at java.lang.reflect.Method.invoke(Method.java:498)
	at org.testng.internal.MethodInvocationHelper.invokeMethod(MethodInvocationHelper.java:84)
	at org.testng.internal.Invoker.invokeMethod(Invoker.java:714)
	at org.testng.internal.Invoker.invokeTestMethod(Invoker.java:901)
	at org.testng.internal.Invoker.invokeTestMethods(Invoker.java:1231)
	at org.testng.internal.TestMethodWorker.invokeTestMethods(TestMethodWorker.java:127)
	at org.testng.internal.TestMethodWorker.run(TestMethodWorker.java:111)
	at org.testng.TestRunner.privateRun(TestRunner.java:767)
	at org.testng.TestRunner.run(TestRunner.java:617)
	at org.testng.SuiteRunner.runTest(SuiteRunner.java:334)
	at org.testng.SuiteRunner.runSequentially(SuiteRunner.java:329)
	at org.testng.SuiteRunner.privateRun(SuiteRunner.java:291)
	at org.testng.SuiteRunner.run(SuiteRunner.java:240)
	at org.testng.SuiteRunnerWorker.runSuite(SuiteRunnerWorker.java:52)
	at org.testng.SuiteRunnerWorker.run(SuiteRunnerWorker.java:86)
	at org.testng.TestNG.runSuitesSequentially(TestNG.java:1224)
	at org.testng.TestNG.runSuitesLocally(TestNG.java:1149)
	at org.testng.TestNG.run(TestNG.java:1057)
	at org.testng.remote.AbstractRemoteTestNG.run(AbstractRemoteTestNG.java:132)
	at org.testng.remote.RemoteTestNG.initAndRun(RemoteTestNG.java:236)
	at org.testng.remote.RemoteTestNG.main(RemoteTestNG.java:81)
Caused by: java.lang.RuntimeException: Not getting (waited for) the text in the specified time: 
	at com.amazon.bangalore.projectselenium.testutil.WebDriverUtility.waitForElementPresent(WebDriverUtility.java:76)
	at com.amazon.bangalore.projectselenium.pagerepo.LoginPageRepo.loginAmazon(LoginPageRepo.java:56)
	... 26 more
Caused by: org.openqa.selenium.TimeoutException: Expected condition failed: waiting for visibility of Proxy element for: DefaultElementLocator 'By.xpath: //a[@id='nav-link-accountList']/span[1]' (tried for 20 second(s) with 2 SECONDS interval)
	at org.openqa.selenium.support.ui.WebDriverWait.timeoutException(WebDriverWait.java:80)
	at org.openqa.selenium.support.ui.FluentWait.until(FluentWait.java:257)
	at com.amazon.bangalore.projectselenium.testutil.WebDriverUtility.waitForElementPresent(WebDriverUtility.java:72)
	... 27 more
Caused by: org.openqa.selenium.NoSuchElementException: no such element: Unable to locate element: {"method":"xpath","selector":"//a[@id='nav-link-accountList']/span[1]"}
  (Session info: chrome=81.0.4044.129)
  (Driver info: chromedriver=2.41.578737 (49da6702b16031c40d63e5618de03a32ff6c197e),platform=Windows NT 10.0.17134 x86_64) (WARNING: The server did not provide any stacktrace information)
Command duration or timeout: 10 milliseconds
For documentation on this error, please visit: http://seleniumhq.org/exceptions/no_such_element.html
Build info: version: '3.1.0', revision: 'b94c902', time: '2017-02-16 12:21:31 -0800'
System info: host: 'GVISWAMITRA-PC', ip: '192.168.56.11', os.name: 'Windows 10', os.arch: 'amd64', os.version: '10.0', java.version: '1.8.0_202'
Driver info: org.openqa.selenium.chrome.ChromeDriver
Capabilities [{mobileEmulationEnabled=false, hasTouchScreen=false, platform=XP, acceptSslCerts=false, goog:chromeOptions={debuggerAddress=localhost:49861}, acceptInsecureCerts=false, webStorageEnabled=true, browserName=chrome, takesScreenshot=true, javascriptEnabled=true, setWindowRect=true, unexpectedAlertBehaviour=, applicationCacheEnabled=false, rotatable=false, networkConnectionEnabled=false, chrome={chromedriverVersion=2.41.578737 (49da6702b16031c40d63e5618de03a32ff6c197e), userDataDir=C:\Users\GVISWA~1\AppData\Local\Temp\scoped_dir2960_3240}, takesHeapSnapshot=true, pageLoadStrategy=normal, databaseEnabled=false, handlesAlerts=true, version=81.0.4044.129, browserConnectionEnabled=false, nativeEvents=true, locationContextEnabled=true, cssSelectorsEnabled=true}]
Session ID: 4c387d65c5e0a1f4ed8c2b35ffe63d3a
*** Element info: {Using=xpath, value=//a[@id='nav-link-accountList']/span[1]}
	at sun.reflect.GeneratedConstructorAccessor14.newInstance(Unknown Source)
	at sun.reflect.DelegatingConstructorAccessorImpl.newInstance(DelegatingConstructorAccessorImpl.java:45)
	at java.lang.reflect.Constructor.newInstance(Constructor.java:423)
	at org.openqa.selenium.remote.ErrorHandler.createThrowable(ErrorHandler.java:216)
	at org.openqa.selenium.remote.ErrorHandler.throwIfResponseFailed(ErrorHandler.java:168)
	at org.openqa.selenium.remote.RemoteWebDriver.execute(RemoteWebDriver.java:635)
	at org.openqa.selenium.remote.RemoteWebDriver.findElement(RemoteWebDriver.java:368)
	at org.openqa.selenium.remote.RemoteWebDriver.findElementByXPath(RemoteWebDriver.java:473)
	at org.openqa.selenium.By$ByXPath.findElement(By.java:361)
	at org.openqa.selenium.remote.RemoteWebDriver.findElement(RemoteWebDriver.java:360)
	at org.openqa.selenium.support.pagefactory.DefaultElementLocator.findElement(DefaultElementLocator.java:69)
	at org.openqa.selenium.support.pagefactory.internal.LocatingElementHandler.invoke(LocatingElementHandler.java:38)
	at com.sun.proxy.$Proxy9.isDisplayed(Unknown Source)
	at org.openqa.selenium.support.ui.ExpectedConditions.elementIfVisible(ExpectedConditions.java:302)
	at org.openqa.selenium.support.ui.ExpectedConditions.access$100(ExpectedConditions.java:41)
	at org.openqa.selenium.support.ui.ExpectedConditions$10.apply(ExpectedConditions.java:288)
	at org.openqa.selenium.support.ui.ExpectedConditions$10.apply(ExpectedConditions.java:285)
	at org.openqa.selenium.support.ui.FluentWait.until(FluentWait.java:234)
	... 28 more
]]>
            </full-stacktrace>
          </exception> <!-- java.lang.RuntimeException -->
          <reporter-output>
            <line>
              <![CDATA[<a href= "C:\Users\gviswamitra\EclipseProjects\projectselenium/target/surefire-reports/html/screenshots/testPlaceOrderAndThenLogin.png" ><img src= "C:\Users\gviswamitra\EclipseProjects\projectselenium/target/surefire-reports/html/screenshots/testPlaceOrderAndThenLogin.png" height='50' width='50'/> </a>]]>
            </line>
            <line>
              <![CDATA[<a href= "C:\Users\gviswamitra\EclipseProjects\projectselenium/target/surefire-reports/html/screenshots/testPlaceOrderAndThenLogin.png" ><img src= "C:\Users\gviswamitra\EclipseProjects\projectselenium/target/surefire-reports/html/screenshots/testPlaceOrderAndThenLogin.png" height='50' width='50'/> </a>]]>
            </line>
          </reporter-output>
        </test-method> <!-- testPlaceOrderAndThenLogin -->
        <test-method status="PASS" signature="tearDown()[pri:0, instance:com.amazon.bangalore.projectselenium.feature2.PlaceOrderFeatureTest@27fe3806]" name="tearDown" is-config="true" duration-ms="969" started-at="2020-05-04T12:22:48Z" finished-at="2020-05-04T12:22:49Z">
          <reporter-output>
          </reporter-output>
        </test-method> <!-- tearDown -->
        <test-method status="PASS" signature="endSuite()[pri:0, instance:com.amazon.bangalore.projectselenium.feature2.PlaceOrderFeatureTest@27fe3806]" name="endSuite" is-config="true" duration-ms="0" started-at="2020-05-04T12:24:06Z" finished-at="2020-05-04T12:24:06Z">
          <reporter-output>
          </reporter-output>
        </test-method> <!-- endSuite -->
      </class> <!-- com.amazon.bangalore.projectselenium.feature2.PlaceOrderFeatureTest -->
    </test> <!-- Place order -->
  </suite> <!-- Amazon POC TestSuite -->
</testng-results>
